mpi_mxm.c:85:1: fatal error: error writing to /tmp/cckfpRGR.s: No space left on device
 }
 ^
compilation terminated.
[r1i1n13:08025] PMIX ERROR: OUT-OF-RESOURCE in file src/dstore/pmix_esh.c at line 1651
[r1i1n13:08025] PMIX ERROR: OUT-OF-RESOURCE in file src/dstore/pmix_esh.c at line 820
[r1i1n13:08025] PMIX ERROR: ERROR in file src/dstore/pmix_esh.c at line 1468
[r1i1n13:08025] PMIX ERROR: ERROR in file src/server/pmix_server.c at line 592
/var/tmp/slurmd.spool/job316343/slurm_script: line 26:  8025 Segmentation fault      mpirun $Name $size
[r1i1n13:08030] PMIX ERROR: OUT-OF-RESOURCE in file src/dstore/pmix_esh.c at line 1651
[r1i1n13:08030] PMIX ERROR: OUT-OF-RESOURCE in file src/dstore/pmix_esh.c at line 820
[r1i1n13:08030] PMIX ERROR: ERROR in file src/dstore/pmix_esh.c at line 1468
[r1i1n13:08030] PMIX ERROR: ERROR in file src/server/pmix_server.c at line 592
/var/tmp/slurmd.spool/job316343/slurm_script: line 26:  8030 Segmentation fault      mpirun $Name $size
[r1i1n13:08035] PMIX ERROR: OUT-OF-RESOURCE in file src/dstore/pmix_esh.c at line 1651
[r1i1n13:08035] PMIX ERROR: OUT-OF-RESOURCE in file src/dstore/pmix_esh.c at line 820
[r1i1n13:08035] PMIX ERROR: ERROR in file src/dstore/pmix_esh.c at line 1468
[r1i1n13:08035] PMIX ERROR: ERROR in file src/server/pmix_server.c at line 592
/var/tmp/slurmd.spool/job316343/slurm_script: line 26:  8035 Segmentation fault      mpirun $Name $size
[r1i1n13:08040] PMIX ERROR: OUT-OF-RESOURCE in file src/dstore/pmix_esh.c at line 1651
[r1i1n13:08040] PMIX ERROR: OUT-OF-RESOURCE in file src/dstore/pmix_esh.c at line 820
[r1i1n13:08040] PMIX ERROR: ERROR in file src/dstore/pmix_esh.c at line 1468
[r1i1n13:08040] PMIX ERROR: ERROR in file src/server/pmix_server.c at line 592
/var/tmp/slurmd.spool/job316343/slurm_script: line 26:  8040 Segmentation fault      mpirun $Name $size
[r1i1n13:08045] PMIX ERROR: OUT-OF-RESOURCE in file src/dstore/pmix_esh.c at line 1651
[r1i1n13:08045] PMIX ERROR: OUT-OF-RESOURCE in file src/dstore/pmix_esh.c at line 820
[r1i1n13:08045] PMIX ERROR: ERROR in file src/dstore/pmix_esh.c at line 1468
[r1i1n13:08045] PMIX ERROR: ERROR in file src/server/pmix_server.c at line 592
/var/tmp/slurmd.spool/job316343/slurm_script: line 26:  8045 Segmentation fault      mpirun $Name $size
[r1i1n13:08050] PMIX ERROR: OUT-OF-RESOURCE in file src/dstore/pmix_esh.c at line 1651
[r1i1n13:08050] PMIX ERROR: OUT-OF-RESOURCE in file src/dstore/pmix_esh.c at line 820
[r1i1n13:08050] PMIX ERROR: ERROR in file src/dstore/pmix_esh.c at line 1468
[r1i1n13:08050] PMIX ERROR: ERROR in file src/server/pmix_server.c at line 592
/var/tmp/slurmd.spool/job316343/slurm_script: line 26:  8050 Segmentation fault      mpirun $Name $size
[r1i1n13:08055] PMIX ERROR: OUT-OF-RESOURCE in file src/dstore/pmix_esh.c at line 1651
[r1i1n13:08055] PMIX ERROR: OUT-OF-RESOURCE in file src/dstore/pmix_esh.c at line 820
[r1i1n13:08055] PMIX ERROR: ERROR in file src/dstore/pmix_esh.c at line 1468
[r1i1n13:08055] PMIX ERROR: ERROR in file src/server/pmix_server.c at line 592
/var/tmp/slurmd.spool/job316343/slurm_script: line 26:  8055 Segmentation fault      mpirun $Name $size
[r1i1n13:08060] PMIX ERROR: OUT-OF-RESOURCE in file src/dstore/pmix_esh.c at line 1651
[r1i1n13:08060] PMIX ERROR: OUT-OF-RESOURCE in file src/dstore/pmix_esh.c at line 820
[r1i1n13:08060] PMIX ERROR: ERROR in file src/dstore/pmix_esh.c at line 1468
[r1i1n13:08060] PMIX ERROR: ERROR in file src/server/pmix_server.c at line 592
/var/tmp/slurmd.spool/job316343/slurm_script: line 26:  8060 Segmentation fault      mpirun $Name $size
[r1i1n13:08065] PMIX ERROR: OUT-OF-RESOURCE in file src/dstore/pmix_esh.c at line 1651
[r1i1n13:08065] PMIX ERROR: OUT-OF-RESOURCE in file src/dstore/pmix_esh.c at line 820
[r1i1n13:08065] PMIX ERROR: ERROR in file src/dstore/pmix_esh.c at line 1468
[r1i1n13:08065] PMIX ERROR: ERROR in file src/server/pmix_server.c at line 592
/var/tmp/slurmd.spool/job316343/slurm_script: line 26:  8065 Segmentation fault      mpirun $Name $size
[r1i1n13:08070] PMIX ERROR: OUT-OF-RESOURCE in file src/dstore/pmix_esh.c at line 1651
[r1i1n13:08070] PMIX ERROR: OUT-OF-RESOURCE in file src/dstore/pmix_esh.c at line 820
[r1i1n13:08070] PMIX ERROR: ERROR in file src/dstore/pmix_esh.c at line 1468
[r1i1n13:08070] PMIX ERROR: ERROR in file src/server/pmix_server.c at line 592
/var/tmp/slurmd.spool/job316343/slurm_script: line 26:  8070 Segmentation fault      mpirun $Name $size
[r1i1n13:08075] PMIX ERROR: OUT-OF-RESOURCE in file src/dstore/pmix_esh.c at line 1651
[r1i1n13:08075] PMIX ERROR: OUT-OF-RESOURCE in file src/dstore/pmix_esh.c at line 820
[r1i1n13:08075] PMIX ERROR: ERROR in file src/dstore/pmix_esh.c at line 1468
[r1i1n13:08075] PMIX ERROR: ERROR in file src/server/pmix_server.c at line 592
/var/tmp/slurmd.spool/job316343/slurm_script: line 26:  8075 Segmentation fault      mpirun $Name $size
[r1i1n13:08080] PMIX ERROR: OUT-OF-RESOURCE in file src/dstore/pmix_esh.c at line 1651
[r1i1n13:08080] PMIX ERROR: OUT-OF-RESOURCE in file src/dstore/pmix_esh.c at line 820
[r1i1n13:08080] PMIX ERROR: ERROR in file src/dstore/pmix_esh.c at line 1468
[r1i1n13:08080] PMIX ERROR: ERROR in file src/server/pmix_server.c at line 592
/var/tmp/slurmd.spool/job316343/slurm_script: line 26:  8080 Segmentation fault      mpirun $Name $size
[r1i1n13:08085] PMIX ERROR: OUT-OF-RESOURCE in file src/dstore/pmix_esh.c at line 1651
[r1i1n13:08085] PMIX ERROR: OUT-OF-RESOURCE in file src/dstore/pmix_esh.c at line 820
[r1i1n13:08085] PMIX ERROR: ERROR in file src/dstore/pmix_esh.c at line 1468
[r1i1n13:08085] PMIX ERROR: ERROR in file src/server/pmix_server.c at line 592
/var/tmp/slurmd.spool/job316343/slurm_script: line 26:  8085 Segmentation fault      mpirun $Name $size
[r1i1n13:08090] PMIX ERROR: OUT-OF-RESOURCE in file src/dstore/pmix_esh.c at line 1651
[r1i1n13:08090] PMIX ERROR: OUT-OF-RESOURCE in file src/dstore/pmix_esh.c at line 820
[r1i1n13:08090] PMIX ERROR: ERROR in file src/dstore/pmix_esh.c at line 1468
[r1i1n13:08090] PMIX ERROR: ERROR in file src/server/pmix_server.c at line 592
/var/tmp/slurmd.spool/job316343/slurm_script: line 26:  8090 Segmentation fault      mpirun $Name $size
[r1i1n13:08095] PMIX ERROR: OUT-OF-RESOURCE in file src/dstore/pmix_esh.c at line 1651
[r1i1n13:08095] PMIX ERROR: OUT-OF-RESOURCE in file src/dstore/pmix_esh.c at line 820
[r1i1n13:08095] PMIX ERROR: ERROR in file src/dstore/pmix_esh.c at line 1468
[r1i1n13:08095] PMIX ERROR: ERROR in file src/server/pmix_server.c at line 592
/var/tmp/slurmd.spool/job316343/slurm_script: line 26:  8095 Segmentation fault      mpirun $Name $size
[r1i1n13:08100] PMIX ERROR: OUT-OF-RESOURCE in file src/dstore/pmix_esh.c at line 1651
[r1i1n13:08100] PMIX ERROR: OUT-OF-RESOURCE in file src/dstore/pmix_esh.c at line 820
[r1i1n13:08100] PMIX ERROR: ERROR in file src/dstore/pmix_esh.c at line 1468
[r1i1n13:08100] PMIX ERROR: ERROR in file src/server/pmix_server.c at line 592
/var/tmp/slurmd.spool/job316343/slurm_script: line 26:  8100 Segmentation fault      mpirun $Name $size
[r1i1n13:08105] PMIX ERROR: OUT-OF-RESOURCE in file src/dstore/pmix_esh.c at line 1651
[r1i1n13:08105] PMIX ERROR: OUT-OF-RESOURCE in file src/dstore/pmix_esh.c at line 820
[r1i1n13:08105] PMIX ERROR: ERROR in file src/dstore/pmix_esh.c at line 1468
[r1i1n13:08105] PMIX ERROR: ERROR in file src/server/pmix_server.c at line 592
/var/tmp/slurmd.spool/job316343/slurm_script: line 26:  8105 Segmentation fault      mpirun $Name $size
[r1i1n13:08110] PMIX ERROR: OUT-OF-RESOURCE in file src/dstore/pmix_esh.c at line 1651
[r1i1n13:08110] PMIX ERROR: OUT-OF-RESOURCE in file src/dstore/pmix_esh.c at line 820
[r1i1n13:08110] PMIX ERROR: ERROR in file src/dstore/pmix_esh.c at line 1468
[r1i1n13:08110] PMIX ERROR: ERROR in file src/server/pmix_server.c at line 592
/var/tmp/slurmd.spool/job316343/slurm_script: line 26:  8110 Segmentation fault      mpirun $Name $size
[r1i1n13:08115] PMIX ERROR: OUT-OF-RESOURCE in file src/dstore/pmix_esh.c at line 1651
[r1i1n13:08115] PMIX ERROR: OUT-OF-RESOURCE in file src/dstore/pmix_esh.c at line 820
[r1i1n13:08115] PMIX ERROR: ERROR in file src/dstore/pmix_esh.c at line 1468
[r1i1n13:08115] PMIX ERROR: ERROR in file src/server/pmix_server.c at line 592
/var/tmp/slurmd.spool/job316343/slurm_script: line 26:  8115 Segmentation fault      mpirun $Name $size
[r1i1n13:08121] PMIX ERROR: OUT-OF-RESOURCE in file src/dstore/pmix_esh.c at line 1651
[r1i1n13:08121] PMIX ERROR: OUT-OF-RESOURCE in file src/dstore/pmix_esh.c at line 820
[r1i1n13:08121] PMIX ERROR: ERROR in file src/dstore/pmix_esh.c at line 1468
[r1i1n13:08121] PMIX ERROR: ERROR in file src/server/pmix_server.c at line 592
/var/tmp/slurmd.spool/job316343/slurm_script: line 26:  8121 Segmentation fault      mpirun $Name $size
[r1i1n13:08126] PMIX ERROR: OUT-OF-RESOURCE in file src/dstore/pmix_esh.c at line 1651
[r1i1n13:08126] PMIX ERROR: OUT-OF-RESOURCE in file src/dstore/pmix_esh.c at line 820
[r1i1n13:08126] PMIX ERROR: ERROR in file src/dstore/pmix_esh.c at line 1468
[r1i1n13:08126] PMIX ERROR: ERROR in file src/server/pmix_server.c at line 592
/var/tmp/slurmd.spool/job316343/slurm_script: line 26:  8126 Segmentation fault      mpirun $Name $size
[r1i1n13:08131] PMIX ERROR: OUT-OF-RESOURCE in file src/dstore/pmix_esh.c at line 1651
[r1i1n13:08131] PMIX ERROR: OUT-OF-RESOURCE in file src/dstore/pmix_esh.c at line 820
[r1i1n13:08131] PMIX ERROR: ERROR in file src/dstore/pmix_esh.c at line 1468
[r1i1n13:08131] PMIX ERROR: ERROR in file src/server/pmix_server.c at line 592
/var/tmp/slurmd.spool/job316343/slurm_script: line 26:  8131 Segmentation fault      mpirun $Name $size
[r1i1n13:08136] PMIX ERROR: OUT-OF-RESOURCE in file src/dstore/pmix_esh.c at line 1651
[r1i1n13:08136] PMIX ERROR: OUT-OF-RESOURCE in file src/dstore/pmix_esh.c at line 820
[r1i1n13:08136] PMIX ERROR: ERROR in file src/dstore/pmix_esh.c at line 1468
[r1i1n13:08136] PMIX ERROR: ERROR in file src/server/pmix_server.c at line 592
/var/tmp/slurmd.spool/job316343/slurm_script: line 26:  8136 Segmentation fault      mpirun $Name $size
[r1i1n13:08141] PMIX ERROR: OUT-OF-RESOURCE in file src/dstore/pmix_esh.c at line 1651
[r1i1n13:08141] PMIX ERROR: OUT-OF-RESOURCE in file src/dstore/pmix_esh.c at line 820
[r1i1n13:08141] PMIX ERROR: ERROR in file src/dstore/pmix_esh.c at line 1468
[r1i1n13:08141] PMIX ERROR: ERROR in file src/server/pmix_server.c at line 592
/var/tmp/slurmd.spool/job316343/slurm_script: line 26:  8141 Segmentation fault      mpirun $Name $size
[r1i1n13:08146] PMIX ERROR: OUT-OF-RESOURCE in file src/dstore/pmix_esh.c at line 1651
[r1i1n13:08146] PMIX ERROR: OUT-OF-RESOURCE in file src/dstore/pmix_esh.c at line 820
[r1i1n13:08146] PMIX ERROR: ERROR in file src/dstore/pmix_esh.c at line 1468
[r1i1n13:08146] PMIX ERROR: ERROR in file src/server/pmix_server.c at line 592
/var/tmp/slurmd.spool/job316343/slurm_script: line 26:  8146 Segmentation fault      mpirun $Name $size
[r1i1n13:08151] PMIX ERROR: OUT-OF-RESOURCE in file src/dstore/pmix_esh.c at line 1651
[r1i1n13:08151] PMIX ERROR: OUT-OF-RESOURCE in file src/dstore/pmix_esh.c at line 820
[r1i1n13:08151] PMIX ERROR: ERROR in file src/dstore/pmix_esh.c at line 1468
[r1i1n13:08151] PMIX ERROR: ERROR in file src/server/pmix_server.c at line 592
/var/tmp/slurmd.spool/job316343/slurm_script: line 26:  8151 Segmentation fault      mpirun $Name $size
[r1i1n13:08156] PMIX ERROR: OUT-OF-RESOURCE in file src/dstore/pmix_esh.c at line 1651
[r1i1n13:08156] PMIX ERROR: OUT-OF-RESOURCE in file src/dstore/pmix_esh.c at line 820
[r1i1n13:08156] PMIX ERROR: ERROR in file src/dstore/pmix_esh.c at line 1468
[r1i1n13:08156] PMIX ERROR: ERROR in file src/server/pmix_server.c at line 592
/var/tmp/slurmd.spool/job316343/slurm_script: line 26:  8156 Segmentation fault      mpirun $Name $size
[r1i1n13:08161] PMIX ERROR: OUT-OF-RESOURCE in file src/dstore/pmix_esh.c at line 1651
[r1i1n13:08161] PMIX ERROR: OUT-OF-RESOURCE in file src/dstore/pmix_esh.c at line 820
[r1i1n13:08161] PMIX ERROR: ERROR in file src/dstore/pmix_esh.c at line 1468
[r1i1n13:08161] PMIX ERROR: ERROR in file src/server/pmix_server.c at line 592
/var/tmp/slurmd.spool/job316343/slurm_script: line 26:  8161 Segmentation fault      mpirun $Name $size
[r1i1n13:08166] PMIX ERROR: OUT-OF-RESOURCE in file src/dstore/pmix_esh.c at line 1651
[r1i1n13:08166] PMIX ERROR: OUT-OF-RESOURCE in file src/dstore/pmix_esh.c at line 820
[r1i1n13:08166] PMIX ERROR: ERROR in file src/dstore/pmix_esh.c at line 1468
[r1i1n13:08166] PMIX ERROR: ERROR in file src/server/pmix_server.c at line 592
/var/tmp/slurmd.spool/job316343/slurm_script: line 26:  8166 Segmentation fault      mpirun $Name $size
[r1i1n13:08171] PMIX ERROR: OUT-OF-RESOURCE in file src/dstore/pmix_esh.c at line 1651
[r1i1n13:08171] PMIX ERROR: OUT-OF-RESOURCE in file src/dstore/pmix_esh.c at line 820
[r1i1n13:08171] PMIX ERROR: ERROR in file src/dstore/pmix_esh.c at line 1468
[r1i1n13:08171] PMIX ERROR: ERROR in file src/server/pmix_server.c at line 592
/var/tmp/slurmd.spool/job316343/slurm_script: line 26:  8171 Segmentation fault      mpirun $Name $size
[r1i1n13:08176] PMIX ERROR: OUT-OF-RESOURCE in file src/dstore/pmix_esh.c at line 1651
[r1i1n13:08176] PMIX ERROR: OUT-OF-RESOURCE in file src/dstore/pmix_esh.c at line 820
[r1i1n13:08176] PMIX ERROR: ERROR in file src/dstore/pmix_esh.c at line 1468
[r1i1n13:08176] PMIX ERROR: ERROR in file src/server/pmix_server.c at line 592
/var/tmp/slurmd.spool/job316343/slurm_script: line 26:  8176 Segmentation fault      mpirun $Name $size
[r1i1n13:08181] PMIX ERROR: OUT-OF-RESOURCE in file src/dstore/pmix_esh.c at line 1651
[r1i1n13:08181] PMIX ERROR: OUT-OF-RESOURCE in file src/dstore/pmix_esh.c at line 820
[r1i1n13:08181] PMIX ERROR: ERROR in file src/dstore/pmix_esh.c at line 1468
[r1i1n13:08181] PMIX ERROR: ERROR in file src/server/pmix_server.c at line 592
/var/tmp/slurmd.spool/job316343/slurm_script: line 26:  8181 Segmentation fault      mpirun $Name $size
[r1i1n13:08186] PMIX ERROR: OUT-OF-RESOURCE in file src/dstore/pmix_esh.c at line 1651
[r1i1n13:08186] PMIX ERROR: OUT-OF-RESOURCE in file src/dstore/pmix_esh.c at line 820
[r1i1n13:08186] PMIX ERROR: ERROR in file src/dstore/pmix_esh.c at line 1468
[r1i1n13:08186] PMIX ERROR: ERROR in file src/server/pmix_server.c at line 592
/var/tmp/slurmd.spool/job316343/slurm_script: line 26:  8186 Segmentation fault      mpirun $Name $size
[r1i1n13:08191] PMIX ERROR: OUT-OF-RESOURCE in file src/dstore/pmix_esh.c at line 1651
[r1i1n13:08191] PMIX ERROR: OUT-OF-RESOURCE in file src/dstore/pmix_esh.c at line 820
[r1i1n13:08191] PMIX ERROR: ERROR in file src/dstore/pmix_esh.c at line 1468
[r1i1n13:08191] PMIX ERROR: ERROR in file src/server/pmix_server.c at line 592
/var/tmp/slurmd.spool/job316343/slurm_script: line 26:  8191 Segmentation fault      mpirun $Name $size
[r1i1n13:08196] PMIX ERROR: OUT-OF-RESOURCE in file src/dstore/pmix_esh.c at line 1651
[r1i1n13:08196] PMIX ERROR: OUT-OF-RESOURCE in file src/dstore/pmix_esh.c at line 820
[r1i1n13:08196] PMIX ERROR: ERROR in file src/dstore/pmix_esh.c at line 1468
[r1i1n13:08196] PMIX ERROR: ERROR in file src/server/pmix_server.c at line 592
/var/tmp/slurmd.spool/job316343/slurm_script: line 26:  8196 Segmentation fault      mpirun $Name $size
[r1i1n13:08201] PMIX ERROR: OUT-OF-RESOURCE in file src/dstore/pmix_esh.c at line 1651
[r1i1n13:08201] PMIX ERROR: OUT-OF-RESOURCE in file src/dstore/pmix_esh.c at line 820
[r1i1n13:08201] PMIX ERROR: ERROR in file src/dstore/pmix_esh.c at line 1468
[r1i1n13:08201] PMIX ERROR: ERROR in file src/server/pmix_server.c at line 592
/var/tmp/slurmd.spool/job316343/slurm_script: line 26:  8201 Segmentation fault      mpirun $Name $size
[r1i1n13:08206] PMIX ERROR: OUT-OF-RESOURCE in file src/dstore/pmix_esh.c at line 1651
[r1i1n13:08206] PMIX ERROR: OUT-OF-RESOURCE in file src/dstore/pmix_esh.c at line 820
[r1i1n13:08206] PMIX ERROR: ERROR in file src/dstore/pmix_esh.c at line 1468
[r1i1n13:08206] PMIX ERROR: ERROR in file src/server/pmix_server.c at line 592
/var/tmp/slurmd.spool/job316343/slurm_script: line 26:  8206 Segmentation fault      mpirun $Name $size
[r1i1n13:08211] PMIX ERROR: OUT-OF-RESOURCE in file src/dstore/pmix_esh.c at line 1651
[r1i1n13:08211] PMIX ERROR: OUT-OF-RESOURCE in file src/dstore/pmix_esh.c at line 820
[r1i1n13:08211] PMIX ERROR: ERROR in file src/dstore/pmix_esh.c at line 1468
[r1i1n13:08211] PMIX ERROR: ERROR in file src/server/pmix_server.c at line 592
/var/tmp/slurmd.spool/job316343/slurm_script: line 26:  8211 Segmentation fault      mpirun $Name $size
[r1i1n13:08216] PMIX ERROR: OUT-OF-RESOURCE in file src/dstore/pmix_esh.c at line 1651
[r1i1n13:08216] PMIX ERROR: OUT-OF-RESOURCE in file src/dstore/pmix_esh.c at line 820
[r1i1n13:08216] PMIX ERROR: ERROR in file src/dstore/pmix_esh.c at line 1468
[r1i1n13:08216] PMIX ERROR: ERROR in file src/server/pmix_server.c at line 592
/var/tmp/slurmd.spool/job316343/slurm_script: line 26:  8216 Segmentation fault      mpirun $Name $size
[r1i1n13:08221] PMIX ERROR: OUT-OF-RESOURCE in file src/dstore/pmix_esh.c at line 1651
[r1i1n13:08221] PMIX ERROR: OUT-OF-RESOURCE in file src/dstore/pmix_esh.c at line 820
[r1i1n13:08221] PMIX ERROR: ERROR in file src/dstore/pmix_esh.c at line 1468
[r1i1n13:08221] PMIX ERROR: ERROR in file src/server/pmix_server.c at line 592
/var/tmp/slurmd.spool/job316343/slurm_script: line 26:  8221 Segmentation fault      mpirun $Name $size
[r1i1n13:08226] PMIX ERROR: OUT-OF-RESOURCE in file src/dstore/pmix_esh.c at line 1651
[r1i1n13:08226] PMIX ERROR: OUT-OF-RESOURCE in file src/dstore/pmix_esh.c at line 820
[r1i1n13:08226] PMIX ERROR: ERROR in file src/dstore/pmix_esh.c at line 1468
[r1i1n13:08226] PMIX ERROR: ERROR in file src/server/pmix_server.c at line 592
/var/tmp/slurmd.spool/job316343/slurm_script: line 26:  8226 Segmentation fault      mpirun $Name $size
[r1i1n13:08231] PMIX ERROR: OUT-OF-RESOURCE in file src/dstore/pmix_esh.c at line 1651
[r1i1n13:08231] PMIX ERROR: OUT-OF-RESOURCE in file src/dstore/pmix_esh.c at line 820
[r1i1n13:08231] PMIX ERROR: ERROR in file src/dstore/pmix_esh.c at line 1468
[r1i1n13:08231] PMIX ERROR: ERROR in file src/server/pmix_server.c at line 592
/var/tmp/slurmd.spool/job316343/slurm_script: line 26:  8231 Segmentation fault      mpirun $Name $size
[r1i1n13:08236] PMIX ERROR: OUT-OF-RESOURCE in file src/dstore/pmix_esh.c at line 1651
[r1i1n13:08236] PMIX ERROR: OUT-OF-RESOURCE in file src/dstore/pmix_esh.c at line 820
[r1i1n13:08236] PMIX ERROR: ERROR in file src/dstore/pmix_esh.c at line 1468
[r1i1n13:08236] PMIX ERROR: ERROR in file src/server/pmix_server.c at line 592
/var/tmp/slurmd.spool/job316343/slurm_script: line 26:  8236 Segmentation fault      mpirun $Name $size
[r1i1n13:08241] PMIX ERROR: OUT-OF-RESOURCE in file src/dstore/pmix_esh.c at line 1651
[r1i1n13:08241] PMIX ERROR: OUT-OF-RESOURCE in file src/dstore/pmix_esh.c at line 820
[r1i1n13:08241] PMIX ERROR: ERROR in file src/dstore/pmix_esh.c at line 1468
[r1i1n13:08241] PMIX ERROR: ERROR in file src/server/pmix_server.c at line 592
/var/tmp/slurmd.spool/job316343/slurm_script: line 26:  8241 Segmentation fault      mpirun $Name $size
[r1i1n13:08246] PMIX ERROR: OUT-OF-RESOURCE in file src/dstore/pmix_esh.c at line 1651
[r1i1n13:08246] PMIX ERROR: OUT-OF-RESOURCE in file src/dstore/pmix_esh.c at line 820
[r1i1n13:08246] PMIX ERROR: ERROR in file src/dstore/pmix_esh.c at line 1468
[r1i1n13:08246] PMIX ERROR: ERROR in file src/server/pmix_server.c at line 592
/var/tmp/slurmd.spool/job316343/slurm_script: line 26:  8246 Segmentation fault      mpirun $Name $size
[r1i1n13:08251] PMIX ERROR: OUT-OF-RESOURCE in file src/dstore/pmix_esh.c at line 1651
[r1i1n13:08251] PMIX ERROR: OUT-OF-RESOURCE in file src/dstore/pmix_esh.c at line 820
[r1i1n13:08251] PMIX ERROR: ERROR in file src/dstore/pmix_esh.c at line 1468
[r1i1n13:08251] PMIX ERROR: ERROR in file src/server/pmix_server.c at line 592
/var/tmp/slurmd.spool/job316343/slurm_script: line 26:  8251 Segmentation fault      mpirun $Name $size
[r1i1n13:08256] PMIX ERROR: OUT-OF-RESOURCE in file src/dstore/pmix_esh.c at line 1651
[r1i1n13:08256] PMIX ERROR: OUT-OF-RESOURCE in file src/dstore/pmix_esh.c at line 820
[r1i1n13:08256] PMIX ERROR: ERROR in file src/dstore/pmix_esh.c at line 1468
[r1i1n13:08256] PMIX ERROR: ERROR in file src/server/pmix_server.c at line 592
/var/tmp/slurmd.spool/job316343/slurm_script: line 26:  8256 Segmentation fault      mpirun $Name $size
[r1i1n13:08261] PMIX ERROR: OUT-OF-RESOURCE in file src/dstore/pmix_esh.c at line 1651
[r1i1n13:08261] PMIX ERROR: OUT-OF-RESOURCE in file src/dstore/pmix_esh.c at line 820
[r1i1n13:08261] PMIX ERROR: ERROR in file src/dstore/pmix_esh.c at line 1468
[r1i1n13:08261] PMIX ERROR: ERROR in file src/server/pmix_server.c at line 592
/var/tmp/slurmd.spool/job316343/slurm_script: line 26:  8261 Segmentation fault      mpirun $Name $size
[r1i1n13:08266] PMIX ERROR: OUT-OF-RESOURCE in file src/dstore/pmix_esh.c at line 1651
[r1i1n13:08266] PMIX ERROR: OUT-OF-RESOURCE in file src/dstore/pmix_esh.c at line 820
[r1i1n13:08266] PMIX ERROR: ERROR in file src/dstore/pmix_esh.c at line 1468
[r1i1n13:08266] PMIX ERROR: ERROR in file src/server/pmix_server.c at line 592
/var/tmp/slurmd.spool/job316343/slurm_script: line 26:  8266 Segmentation fault      mpirun $Name $size
[r1i1n13:08271] PMIX ERROR: OUT-OF-RESOURCE in file src/dstore/pmix_esh.c at line 1651
[r1i1n13:08271] PMIX ERROR: OUT-OF-RESOURCE in file src/dstore/pmix_esh.c at line 820
[r1i1n13:08271] PMIX ERROR: ERROR in file src/dstore/pmix_esh.c at line 1468
[r1i1n13:08271] PMIX ERROR: ERROR in file src/server/pmix_server.c at line 592
/var/tmp/slurmd.spool/job316343/slurm_script: line 26:  8271 Segmentation fault      mpirun $Name $size
