mpi_mxm.c:85:1: fatal error: error writing to /tmp/ccrEWPAS.s: No space left on device
 }
 ^
compilation terminated.
[r1i1n13:08290] PMIX ERROR: OUT-OF-RESOURCE in file src/dstore/pmix_esh.c at line 1651
[r1i1n13:08290] PMIX ERROR: OUT-OF-RESOURCE in file src/dstore/pmix_esh.c at line 820
[r1i1n13:08290] PMIX ERROR: ERROR in file src/dstore/pmix_esh.c at line 1468
[r1i1n13:08290] PMIX ERROR: ERROR in file src/server/pmix_server.c at line 592
/var/tmp/slurmd.spool/job316344/slurm_script: line 26:  8290 Segmentation fault      mpirun $Name $size
[r1i1n13:08295] PMIX ERROR: OUT-OF-RESOURCE in file src/dstore/pmix_esh.c at line 1651
[r1i1n13:08295] PMIX ERROR: OUT-OF-RESOURCE in file src/dstore/pmix_esh.c at line 820
[r1i1n13:08295] PMIX ERROR: ERROR in file src/dstore/pmix_esh.c at line 1468
[r1i1n13:08295] PMIX ERROR: ERROR in file src/server/pmix_server.c at line 592
/var/tmp/slurmd.spool/job316344/slurm_script: line 26:  8295 Segmentation fault      mpirun $Name $size
[r1i1n13:08300] PMIX ERROR: OUT-OF-RESOURCE in file src/dstore/pmix_esh.c at line 1651
[r1i1n13:08300] PMIX ERROR: OUT-OF-RESOURCE in file src/dstore/pmix_esh.c at line 820
[r1i1n13:08300] PMIX ERROR: ERROR in file src/dstore/pmix_esh.c at line 1468
[r1i1n13:08300] PMIX ERROR: ERROR in file src/server/pmix_server.c at line 592
/var/tmp/slurmd.spool/job316344/slurm_script: line 26:  8300 Segmentation fault      mpirun $Name $size
[r1i1n13:08305] PMIX ERROR: OUT-OF-RESOURCE in file src/dstore/pmix_esh.c at line 1651
[r1i1n13:08305] PMIX ERROR: OUT-OF-RESOURCE in file src/dstore/pmix_esh.c at line 820
[r1i1n13:08305] PMIX ERROR: ERROR in file src/dstore/pmix_esh.c at line 1468
[r1i1n13:08305] PMIX ERROR: ERROR in file src/server/pmix_server.c at line 592
/var/tmp/slurmd.spool/job316344/slurm_script: line 26:  8305 Segmentation fault      mpirun $Name $size
[r1i1n13:08310] PMIX ERROR: OUT-OF-RESOURCE in file src/dstore/pmix_esh.c at line 1651
[r1i1n13:08310] PMIX ERROR: OUT-OF-RESOURCE in file src/dstore/pmix_esh.c at line 820
[r1i1n13:08310] PMIX ERROR: ERROR in file src/dstore/pmix_esh.c at line 1468
[r1i1n13:08310] PMIX ERROR: ERROR in file src/server/pmix_server.c at line 592
/var/tmp/slurmd.spool/job316344/slurm_script: line 26:  8310 Segmentation fault      mpirun $Name $size
[r1i1n13:08315] PMIX ERROR: OUT-OF-RESOURCE in file src/dstore/pmix_esh.c at line 1651
[r1i1n13:08315] PMIX ERROR: OUT-OF-RESOURCE in file src/dstore/pmix_esh.c at line 820
[r1i1n13:08315] PMIX ERROR: ERROR in file src/dstore/pmix_esh.c at line 1468
[r1i1n13:08315] PMIX ERROR: ERROR in file src/server/pmix_server.c at line 592
/var/tmp/slurmd.spool/job316344/slurm_script: line 26:  8315 Segmentation fault      mpirun $Name $size
[r1i1n13:08321] PMIX ERROR: OUT-OF-RESOURCE in file src/dstore/pmix_esh.c at line 1651
[r1i1n13:08321] PMIX ERROR: OUT-OF-RESOURCE in file src/dstore/pmix_esh.c at line 820
[r1i1n13:08321] PMIX ERROR: ERROR in file src/dstore/pmix_esh.c at line 1468
[r1i1n13:08321] PMIX ERROR: ERROR in file src/server/pmix_server.c at line 592
/var/tmp/slurmd.spool/job316344/slurm_script: line 26:  8321 Segmentation fault      mpirun $Name $size
[r1i1n13:08327] PMIX ERROR: OUT-OF-RESOURCE in file src/dstore/pmix_esh.c at line 1651
[r1i1n13:08327] PMIX ERROR: OUT-OF-RESOURCE in file src/dstore/pmix_esh.c at line 820
[r1i1n13:08327] PMIX ERROR: ERROR in file src/dstore/pmix_esh.c at line 1468
[r1i1n13:08327] PMIX ERROR: ERROR in file src/server/pmix_server.c at line 592
/var/tmp/slurmd.spool/job316344/slurm_script: line 26:  8327 Segmentation fault      mpirun $Name $size
[r1i1n13:08332] PMIX ERROR: OUT-OF-RESOURCE in file src/dstore/pmix_esh.c at line 1651
[r1i1n13:08332] PMIX ERROR: OUT-OF-RESOURCE in file src/dstore/pmix_esh.c at line 820
[r1i1n13:08332] PMIX ERROR: ERROR in file src/dstore/pmix_esh.c at line 1468
[r1i1n13:08332] PMIX ERROR: ERROR in file src/server/pmix_server.c at line 592
/var/tmp/slurmd.spool/job316344/slurm_script: line 26:  8332 Segmentation fault      mpirun $Name $size
[r1i1n13:08337] PMIX ERROR: OUT-OF-RESOURCE in file src/dstore/pmix_esh.c at line 1651
[r1i1n13:08337] PMIX ERROR: OUT-OF-RESOURCE in file src/dstore/pmix_esh.c at line 820
[r1i1n13:08337] PMIX ERROR: ERROR in file src/dstore/pmix_esh.c at line 1468
[r1i1n13:08337] PMIX ERROR: ERROR in file src/server/pmix_server.c at line 592
/var/tmp/slurmd.spool/job316344/slurm_script: line 26:  8337 Segmentation fault      mpirun $Name $size
[r1i1n13:08342] PMIX ERROR: OUT-OF-RESOURCE in file src/dstore/pmix_esh.c at line 1651
[r1i1n13:08342] PMIX ERROR: OUT-OF-RESOURCE in file src/dstore/pmix_esh.c at line 820
[r1i1n13:08342] PMIX ERROR: ERROR in file src/dstore/pmix_esh.c at line 1468
[r1i1n13:08342] PMIX ERROR: ERROR in file src/server/pmix_server.c at line 592
/var/tmp/slurmd.spool/job316344/slurm_script: line 26:  8342 Segmentation fault      mpirun $Name $size
[r1i1n13:08347] PMIX ERROR: OUT-OF-RESOURCE in file src/dstore/pmix_esh.c at line 1651
[r1i1n13:08347] PMIX ERROR: OUT-OF-RESOURCE in file src/dstore/pmix_esh.c at line 820
[r1i1n13:08347] PMIX ERROR: ERROR in file src/dstore/pmix_esh.c at line 1468
[r1i1n13:08347] PMIX ERROR: ERROR in file src/server/pmix_server.c at line 592
/var/tmp/slurmd.spool/job316344/slurm_script: line 26:  8347 Segmentation fault      mpirun $Name $size
[r1i1n13:08352] PMIX ERROR: OUT-OF-RESOURCE in file src/dstore/pmix_esh.c at line 1651
[r1i1n13:08352] PMIX ERROR: OUT-OF-RESOURCE in file src/dstore/pmix_esh.c at line 820
[r1i1n13:08352] PMIX ERROR: ERROR in file src/dstore/pmix_esh.c at line 1468
[r1i1n13:08352] PMIX ERROR: ERROR in file src/server/pmix_server.c at line 592
/var/tmp/slurmd.spool/job316344/slurm_script: line 26:  8352 Segmentation fault      mpirun $Name $size
[r1i1n13:08357] PMIX ERROR: OUT-OF-RESOURCE in file src/dstore/pmix_esh.c at line 1651
[r1i1n13:08357] PMIX ERROR: OUT-OF-RESOURCE in file src/dstore/pmix_esh.c at line 820
[r1i1n13:08357] PMIX ERROR: ERROR in file src/dstore/pmix_esh.c at line 1468
[r1i1n13:08357] PMIX ERROR: ERROR in file src/server/pmix_server.c at line 592
/var/tmp/slurmd.spool/job316344/slurm_script: line 26:  8357 Segmentation fault      mpirun $Name $size
[r1i1n13:08362] PMIX ERROR: OUT-OF-RESOURCE in file src/dstore/pmix_esh.c at line 1651
[r1i1n13:08362] PMIX ERROR: OUT-OF-RESOURCE in file src/dstore/pmix_esh.c at line 820
[r1i1n13:08362] PMIX ERROR: ERROR in file src/dstore/pmix_esh.c at line 1468
[r1i1n13:08362] PMIX ERROR: ERROR in file src/server/pmix_server.c at line 592
/var/tmp/slurmd.spool/job316344/slurm_script: line 26:  8362 Segmentation fault      mpirun $Name $size
[r1i1n13:08367] PMIX ERROR: OUT-OF-RESOURCE in file src/dstore/pmix_esh.c at line 1651
[r1i1n13:08367] PMIX ERROR: OUT-OF-RESOURCE in file src/dstore/pmix_esh.c at line 820
[r1i1n13:08367] PMIX ERROR: ERROR in file src/dstore/pmix_esh.c at line 1468
[r1i1n13:08367] PMIX ERROR: ERROR in file src/server/pmix_server.c at line 592
/var/tmp/slurmd.spool/job316344/slurm_script: line 26:  8367 Segmentation fault      mpirun $Name $size
[r1i1n13:08372] PMIX ERROR: OUT-OF-RESOURCE in file src/dstore/pmix_esh.c at line 1651
[r1i1n13:08372] PMIX ERROR: OUT-OF-RESOURCE in file src/dstore/pmix_esh.c at line 820
[r1i1n13:08372] PMIX ERROR: ERROR in file src/dstore/pmix_esh.c at line 1468
[r1i1n13:08372] PMIX ERROR: ERROR in file src/server/pmix_server.c at line 592
/var/tmp/slurmd.spool/job316344/slurm_script: line 26:  8372 Segmentation fault      mpirun $Name $size
[r1i1n13:08377] PMIX ERROR: OUT-OF-RESOURCE in file src/dstore/pmix_esh.c at line 1651
[r1i1n13:08377] PMIX ERROR: OUT-OF-RESOURCE in file src/dstore/pmix_esh.c at line 820
[r1i1n13:08377] PMIX ERROR: ERROR in file src/dstore/pmix_esh.c at line 1468
[r1i1n13:08377] PMIX ERROR: ERROR in file src/server/pmix_server.c at line 592
/var/tmp/slurmd.spool/job316344/slurm_script: line 26:  8377 Segmentation fault      mpirun $Name $size
[r1i1n13:08382] PMIX ERROR: OUT-OF-RESOURCE in file src/dstore/pmix_esh.c at line 1651
[r1i1n13:08382] PMIX ERROR: OUT-OF-RESOURCE in file src/dstore/pmix_esh.c at line 820
[r1i1n13:08382] PMIX ERROR: ERROR in file src/dstore/pmix_esh.c at line 1468
[r1i1n13:08382] PMIX ERROR: ERROR in file src/server/pmix_server.c at line 592
/var/tmp/slurmd.spool/job316344/slurm_script: line 26:  8382 Segmentation fault      mpirun $Name $size
[r1i1n13:08387] PMIX ERROR: OUT-OF-RESOURCE in file src/dstore/pmix_esh.c at line 1651
[r1i1n13:08387] PMIX ERROR: OUT-OF-RESOURCE in file src/dstore/pmix_esh.c at line 820
[r1i1n13:08387] PMIX ERROR: ERROR in file src/dstore/pmix_esh.c at line 1468
[r1i1n13:08387] PMIX ERROR: ERROR in file src/server/pmix_server.c at line 592
/var/tmp/slurmd.spool/job316344/slurm_script: line 26:  8387 Segmentation fault      mpirun $Name $size
[r1i1n13:08392] PMIX ERROR: OUT-OF-RESOURCE in file src/dstore/pmix_esh.c at line 1651
[r1i1n13:08392] PMIX ERROR: OUT-OF-RESOURCE in file src/dstore/pmix_esh.c at line 820
[r1i1n13:08392] PMIX ERROR: ERROR in file src/dstore/pmix_esh.c at line 1468
[r1i1n13:08392] PMIX ERROR: ERROR in file src/server/pmix_server.c at line 592
/var/tmp/slurmd.spool/job316344/slurm_script: line 26:  8392 Segmentation fault      mpirun $Name $size
[r1i1n13:08397] PMIX ERROR: OUT-OF-RESOURCE in file src/dstore/pmix_esh.c at line 1651
[r1i1n13:08397] PMIX ERROR: OUT-OF-RESOURCE in file src/dstore/pmix_esh.c at line 820
[r1i1n13:08397] PMIX ERROR: ERROR in file src/dstore/pmix_esh.c at line 1468
[r1i1n13:08397] PMIX ERROR: ERROR in file src/server/pmix_server.c at line 592
/var/tmp/slurmd.spool/job316344/slurm_script: line 26:  8397 Segmentation fault      mpirun $Name $size
[r1i1n13:08402] PMIX ERROR: OUT-OF-RESOURCE in file src/dstore/pmix_esh.c at line 1651
[r1i1n13:08402] PMIX ERROR: OUT-OF-RESOURCE in file src/dstore/pmix_esh.c at line 820
[r1i1n13:08402] PMIX ERROR: ERROR in file src/dstore/pmix_esh.c at line 1468
[r1i1n13:08402] PMIX ERROR: ERROR in file src/server/pmix_server.c at line 592
/var/tmp/slurmd.spool/job316344/slurm_script: line 26:  8402 Segmentation fault      mpirun $Name $size
[r1i1n13:08407] PMIX ERROR: OUT-OF-RESOURCE in file src/dstore/pmix_esh.c at line 1651
[r1i1n13:08407] PMIX ERROR: OUT-OF-RESOURCE in file src/dstore/pmix_esh.c at line 820
[r1i1n13:08407] PMIX ERROR: ERROR in file src/dstore/pmix_esh.c at line 1468
[r1i1n13:08407] PMIX ERROR: ERROR in file src/server/pmix_server.c at line 592
/var/tmp/slurmd.spool/job316344/slurm_script: line 26:  8407 Segmentation fault      mpirun $Name $size
[r1i1n13:08412] PMIX ERROR: OUT-OF-RESOURCE in file src/dstore/pmix_esh.c at line 1651
[r1i1n13:08412] PMIX ERROR: OUT-OF-RESOURCE in file src/dstore/pmix_esh.c at line 820
[r1i1n13:08412] PMIX ERROR: ERROR in file src/dstore/pmix_esh.c at line 1468
[r1i1n13:08412] PMIX ERROR: ERROR in file src/server/pmix_server.c at line 592
/var/tmp/slurmd.spool/job316344/slurm_script: line 26:  8412 Segmentation fault      mpirun $Name $size
[r1i1n13:08417] PMIX ERROR: OUT-OF-RESOURCE in file src/dstore/pmix_esh.c at line 1651
[r1i1n13:08417] PMIX ERROR: OUT-OF-RESOURCE in file src/dstore/pmix_esh.c at line 820
[r1i1n13:08417] PMIX ERROR: ERROR in file src/dstore/pmix_esh.c at line 1468
[r1i1n13:08417] PMIX ERROR: ERROR in file src/server/pmix_server.c at line 592
/var/tmp/slurmd.spool/job316344/slurm_script: line 26:  8417 Segmentation fault      mpirun $Name $size
[r1i1n13:08422] PMIX ERROR: OUT-OF-RESOURCE in file src/dstore/pmix_esh.c at line 1651
[r1i1n13:08422] PMIX ERROR: OUT-OF-RESOURCE in file src/dstore/pmix_esh.c at line 820
[r1i1n13:08422] PMIX ERROR: ERROR in file src/dstore/pmix_esh.c at line 1468
[r1i1n13:08422] PMIX ERROR: ERROR in file src/server/pmix_server.c at line 592
/var/tmp/slurmd.spool/job316344/slurm_script: line 26:  8422 Segmentation fault      mpirun $Name $size
[r1i1n13:08427] PMIX ERROR: OUT-OF-RESOURCE in file src/dstore/pmix_esh.c at line 1651
[r1i1n13:08427] PMIX ERROR: OUT-OF-RESOURCE in file src/dstore/pmix_esh.c at line 820
[r1i1n13:08427] PMIX ERROR: ERROR in file src/dstore/pmix_esh.c at line 1468
[r1i1n13:08427] PMIX ERROR: ERROR in file src/server/pmix_server.c at line 592
/var/tmp/slurmd.spool/job316344/slurm_script: line 26:  8427 Segmentation fault      mpirun $Name $size
[r1i1n13:08432] PMIX ERROR: OUT-OF-RESOURCE in file src/dstore/pmix_esh.c at line 1651
[r1i1n13:08432] PMIX ERROR: OUT-OF-RESOURCE in file src/dstore/pmix_esh.c at line 820
[r1i1n13:08432] PMIX ERROR: ERROR in file src/dstore/pmix_esh.c at line 1468
[r1i1n13:08432] PMIX ERROR: ERROR in file src/server/pmix_server.c at line 592
/var/tmp/slurmd.spool/job316344/slurm_script: line 26:  8432 Segmentation fault      mpirun $Name $size
[r1i1n13:08437] PMIX ERROR: OUT-OF-RESOURCE in file src/dstore/pmix_esh.c at line 1651
[r1i1n13:08437] PMIX ERROR: OUT-OF-RESOURCE in file src/dstore/pmix_esh.c at line 820
[r1i1n13:08437] PMIX ERROR: ERROR in file src/dstore/pmix_esh.c at line 1468
[r1i1n13:08437] PMIX ERROR: ERROR in file src/server/pmix_server.c at line 592
/var/tmp/slurmd.spool/job316344/slurm_script: line 26:  8437 Segmentation fault      mpirun $Name $size
[r1i1n13:08442] PMIX ERROR: OUT-OF-RESOURCE in file src/dstore/pmix_esh.c at line 1651
[r1i1n13:08442] PMIX ERROR: OUT-OF-RESOURCE in file src/dstore/pmix_esh.c at line 820
[r1i1n13:08442] PMIX ERROR: ERROR in file src/dstore/pmix_esh.c at line 1468
[r1i1n13:08442] PMIX ERROR: ERROR in file src/server/pmix_server.c at line 592
/var/tmp/slurmd.spool/job316344/slurm_script: line 26:  8442 Segmentation fault      mpirun $Name $size
[r1i1n13:08447] PMIX ERROR: OUT-OF-RESOURCE in file src/dstore/pmix_esh.c at line 1651
[r1i1n13:08447] PMIX ERROR: OUT-OF-RESOURCE in file src/dstore/pmix_esh.c at line 820
[r1i1n13:08447] PMIX ERROR: ERROR in file src/dstore/pmix_esh.c at line 1468
[r1i1n13:08447] PMIX ERROR: ERROR in file src/server/pmix_server.c at line 592
/var/tmp/slurmd.spool/job316344/slurm_script: line 26:  8447 Segmentation fault      mpirun $Name $size
[r1i1n13:08452] PMIX ERROR: OUT-OF-RESOURCE in file src/dstore/pmix_esh.c at line 1651
[r1i1n13:08452] PMIX ERROR: OUT-OF-RESOURCE in file src/dstore/pmix_esh.c at line 820
[r1i1n13:08452] PMIX ERROR: ERROR in file src/dstore/pmix_esh.c at line 1468
[r1i1n13:08452] PMIX ERROR: ERROR in file src/server/pmix_server.c at line 592
/var/tmp/slurmd.spool/job316344/slurm_script: line 26:  8452 Segmentation fault      mpirun $Name $size
[r1i1n13:08458] PMIX ERROR: OUT-OF-RESOURCE in file src/dstore/pmix_esh.c at line 1651
[r1i1n13:08458] PMIX ERROR: OUT-OF-RESOURCE in file src/dstore/pmix_esh.c at line 820
[r1i1n13:08458] PMIX ERROR: ERROR in file src/dstore/pmix_esh.c at line 1468
[r1i1n13:08458] PMIX ERROR: ERROR in file src/server/pmix_server.c at line 592
/var/tmp/slurmd.spool/job316344/slurm_script: line 26:  8458 Segmentation fault      mpirun $Name $size
[r1i1n13:08463] PMIX ERROR: OUT-OF-RESOURCE in file src/dstore/pmix_esh.c at line 1651
[r1i1n13:08463] PMIX ERROR: OUT-OF-RESOURCE in file src/dstore/pmix_esh.c at line 820
[r1i1n13:08463] PMIX ERROR: ERROR in file src/dstore/pmix_esh.c at line 1468
[r1i1n13:08463] PMIX ERROR: ERROR in file src/server/pmix_server.c at line 592
/var/tmp/slurmd.spool/job316344/slurm_script: line 26:  8463 Segmentation fault      mpirun $Name $size
[r1i1n13:08468] PMIX ERROR: OUT-OF-RESOURCE in file src/dstore/pmix_esh.c at line 1651
[r1i1n13:08468] PMIX ERROR: OUT-OF-RESOURCE in file src/dstore/pmix_esh.c at line 820
[r1i1n13:08468] PMIX ERROR: ERROR in file src/dstore/pmix_esh.c at line 1468
[r1i1n13:08468] PMIX ERROR: ERROR in file src/server/pmix_server.c at line 592
/var/tmp/slurmd.spool/job316344/slurm_script: line 26:  8468 Segmentation fault      mpirun $Name $size
[r1i1n13:08473] PMIX ERROR: OUT-OF-RESOURCE in file src/dstore/pmix_esh.c at line 1651
[r1i1n13:08473] PMIX ERROR: OUT-OF-RESOURCE in file src/dstore/pmix_esh.c at line 820
[r1i1n13:08473] PMIX ERROR: ERROR in file src/dstore/pmix_esh.c at line 1468
[r1i1n13:08473] PMIX ERROR: ERROR in file src/server/pmix_server.c at line 592
/var/tmp/slurmd.spool/job316344/slurm_script: line 26:  8473 Segmentation fault      mpirun $Name $size
[r1i1n13:08478] PMIX ERROR: OUT-OF-RESOURCE in file src/dstore/pmix_esh.c at line 1651
[r1i1n13:08478] PMIX ERROR: OUT-OF-RESOURCE in file src/dstore/pmix_esh.c at line 820
[r1i1n13:08478] PMIX ERROR: ERROR in file src/dstore/pmix_esh.c at line 1468
[r1i1n13:08478] PMIX ERROR: ERROR in file src/server/pmix_server.c at line 592
/var/tmp/slurmd.spool/job316344/slurm_script: line 26:  8478 Segmentation fault      mpirun $Name $size
[r1i1n13:08483] PMIX ERROR: OUT-OF-RESOURCE in file src/dstore/pmix_esh.c at line 1651
[r1i1n13:08483] PMIX ERROR: OUT-OF-RESOURCE in file src/dstore/pmix_esh.c at line 820
[r1i1n13:08483] PMIX ERROR: ERROR in file src/dstore/pmix_esh.c at line 1468
[r1i1n13:08483] PMIX ERROR: ERROR in file src/server/pmix_server.c at line 592
/var/tmp/slurmd.spool/job316344/slurm_script: line 26:  8483 Segmentation fault      mpirun $Name $size
[r1i1n13:08488] PMIX ERROR: OUT-OF-RESOURCE in file src/dstore/pmix_esh.c at line 1651
[r1i1n13:08488] PMIX ERROR: OUT-OF-RESOURCE in file src/dstore/pmix_esh.c at line 820
[r1i1n13:08488] PMIX ERROR: ERROR in file src/dstore/pmix_esh.c at line 1468
[r1i1n13:08488] PMIX ERROR: ERROR in file src/server/pmix_server.c at line 592
/var/tmp/slurmd.spool/job316344/slurm_script: line 26:  8488 Segmentation fault      mpirun $Name $size
[r1i1n13:08493] PMIX ERROR: OUT-OF-RESOURCE in file src/dstore/pmix_esh.c at line 1651
[r1i1n13:08493] PMIX ERROR: OUT-OF-RESOURCE in file src/dstore/pmix_esh.c at line 820
[r1i1n13:08493] PMIX ERROR: ERROR in file src/dstore/pmix_esh.c at line 1468
[r1i1n13:08493] PMIX ERROR: ERROR in file src/server/pmix_server.c at line 592
/var/tmp/slurmd.spool/job316344/slurm_script: line 26:  8493 Segmentation fault      mpirun $Name $size
[r1i1n13:08498] PMIX ERROR: OUT-OF-RESOURCE in file src/dstore/pmix_esh.c at line 1651
[r1i1n13:08498] PMIX ERROR: OUT-OF-RESOURCE in file src/dstore/pmix_esh.c at line 820
[r1i1n13:08498] PMIX ERROR: ERROR in file src/dstore/pmix_esh.c at line 1468
[r1i1n13:08498] PMIX ERROR: ERROR in file src/server/pmix_server.c at line 592
/var/tmp/slurmd.spool/job316344/slurm_script: line 26:  8498 Segmentation fault      mpirun $Name $size
[r1i1n13:08503] PMIX ERROR: OUT-OF-RESOURCE in file src/dstore/pmix_esh.c at line 1651
[r1i1n13:08503] PMIX ERROR: OUT-OF-RESOURCE in file src/dstore/pmix_esh.c at line 820
[r1i1n13:08503] PMIX ERROR: ERROR in file src/dstore/pmix_esh.c at line 1468
[r1i1n13:08503] PMIX ERROR: ERROR in file src/server/pmix_server.c at line 592
/var/tmp/slurmd.spool/job316344/slurm_script: line 26:  8503 Segmentation fault      mpirun $Name $size
[r1i1n13:08508] PMIX ERROR: OUT-OF-RESOURCE in file src/dstore/pmix_esh.c at line 1651
[r1i1n13:08508] PMIX ERROR: OUT-OF-RESOURCE in file src/dstore/pmix_esh.c at line 820
[r1i1n13:08508] PMIX ERROR: ERROR in file src/dstore/pmix_esh.c at line 1468
[r1i1n13:08508] PMIX ERROR: ERROR in file src/server/pmix_server.c at line 592
/var/tmp/slurmd.spool/job316344/slurm_script: line 26:  8508 Segmentation fault      mpirun $Name $size
[r1i1n13:08513] PMIX ERROR: OUT-OF-RESOURCE in file src/dstore/pmix_esh.c at line 1651
[r1i1n13:08513] PMIX ERROR: OUT-OF-RESOURCE in file src/dstore/pmix_esh.c at line 820
[r1i1n13:08513] PMIX ERROR: ERROR in file src/dstore/pmix_esh.c at line 1468
[r1i1n13:08513] PMIX ERROR: ERROR in file src/server/pmix_server.c at line 592
/var/tmp/slurmd.spool/job316344/slurm_script: line 26:  8513 Segmentation fault      mpirun $Name $size
[r1i1n13:08518] PMIX ERROR: OUT-OF-RESOURCE in file src/dstore/pmix_esh.c at line 1651
[r1i1n13:08518] PMIX ERROR: OUT-OF-RESOURCE in file src/dstore/pmix_esh.c at line 820
[r1i1n13:08518] PMIX ERROR: ERROR in file src/dstore/pmix_esh.c at line 1468
[r1i1n13:08518] PMIX ERROR: ERROR in file src/server/pmix_server.c at line 592
/var/tmp/slurmd.spool/job316344/slurm_script: line 26:  8518 Segmentation fault      mpirun $Name $size
[r1i1n13:08523] PMIX ERROR: OUT-OF-RESOURCE in file src/dstore/pmix_esh.c at line 1651
[r1i1n13:08523] PMIX ERROR: OUT-OF-RESOURCE in file src/dstore/pmix_esh.c at line 820
[r1i1n13:08523] PMIX ERROR: ERROR in file src/dstore/pmix_esh.c at line 1468
[r1i1n13:08523] PMIX ERROR: ERROR in file src/server/pmix_server.c at line 592
/var/tmp/slurmd.spool/job316344/slurm_script: line 26:  8523 Segmentation fault      mpirun $Name $size
[r1i1n13:08528] PMIX ERROR: OUT-OF-RESOURCE in file src/dstore/pmix_esh.c at line 1651
[r1i1n13:08528] PMIX ERROR: OUT-OF-RESOURCE in file src/dstore/pmix_esh.c at line 820
[r1i1n13:08528] PMIX ERROR: ERROR in file src/dstore/pmix_esh.c at line 1468
[r1i1n13:08528] PMIX ERROR: ERROR in file src/server/pmix_server.c at line 592
/var/tmp/slurmd.spool/job316344/slurm_script: line 26:  8528 Segmentation fault      mpirun $Name $size
[r1i1n13:08533] PMIX ERROR: OUT-OF-RESOURCE in file src/dstore/pmix_esh.c at line 1651
[r1i1n13:08533] PMIX ERROR: OUT-OF-RESOURCE in file src/dstore/pmix_esh.c at line 820
[r1i1n13:08533] PMIX ERROR: ERROR in file src/dstore/pmix_esh.c at line 1468
[r1i1n13:08533] PMIX ERROR: ERROR in file src/server/pmix_server.c at line 592
/var/tmp/slurmd.spool/job316344/slurm_script: line 26:  8533 Segmentation fault      mpirun $Name $size
[r1i1n13:08538] PMIX ERROR: OUT-OF-RESOURCE in file src/dstore/pmix_esh.c at line 1651
[r1i1n13:08538] PMIX ERROR: OUT-OF-RESOURCE in file src/dstore/pmix_esh.c at line 820
[r1i1n13:08538] PMIX ERROR: ERROR in file src/dstore/pmix_esh.c at line 1468
[r1i1n13:08538] PMIX ERROR: ERROR in file src/server/pmix_server.c at line 592
/var/tmp/slurmd.spool/job316344/slurm_script: line 26:  8538 Segmentation fault      mpirun $Name $size
