mpi_mxm.c:85:1: fatal error: error closing /tmp/ccNqCzrn.s: No space left on device
 }
 ^
compilation terminated.
[r1i1n13:07757] PMIX ERROR: OUT-OF-RESOURCE in file src/dstore/pmix_esh.c at line 1651
[r1i1n13:07757] PMIX ERROR: OUT-OF-RESOURCE in file src/dstore/pmix_esh.c at line 820
[r1i1n13:07757] PMIX ERROR: ERROR in file src/dstore/pmix_esh.c at line 1468
[r1i1n13:07757] PMIX ERROR: ERROR in file src/server/pmix_server.c at line 592
/var/tmp/slurmd.spool/job316342/slurm_script: line 26:  7757 Segmentation fault      mpirun $Name $size
[r1i1n13:07762] PMIX ERROR: OUT-OF-RESOURCE in file src/dstore/pmix_esh.c at line 1651
[r1i1n13:07762] PMIX ERROR: OUT-OF-RESOURCE in file src/dstore/pmix_esh.c at line 820
[r1i1n13:07762] PMIX ERROR: ERROR in file src/dstore/pmix_esh.c at line 1468
[r1i1n13:07762] PMIX ERROR: ERROR in file src/server/pmix_server.c at line 592
/var/tmp/slurmd.spool/job316342/slurm_script: line 26:  7762 Segmentation fault      mpirun $Name $size
[r1i1n13:07767] PMIX ERROR: OUT-OF-RESOURCE in file src/dstore/pmix_esh.c at line 1651
[r1i1n13:07767] PMIX ERROR: OUT-OF-RESOURCE in file src/dstore/pmix_esh.c at line 820
[r1i1n13:07767] PMIX ERROR: ERROR in file src/dstore/pmix_esh.c at line 1468
[r1i1n13:07767] PMIX ERROR: ERROR in file src/server/pmix_server.c at line 592
/var/tmp/slurmd.spool/job316342/slurm_script: line 26:  7767 Segmentation fault      mpirun $Name $size
[r1i1n13:07772] PMIX ERROR: OUT-OF-RESOURCE in file src/dstore/pmix_esh.c at line 1651
[r1i1n13:07772] PMIX ERROR: OUT-OF-RESOURCE in file src/dstore/pmix_esh.c at line 820
[r1i1n13:07772] PMIX ERROR: ERROR in file src/dstore/pmix_esh.c at line 1468
[r1i1n13:07772] PMIX ERROR: ERROR in file src/server/pmix_server.c at line 592
/var/tmp/slurmd.spool/job316342/slurm_script: line 26:  7772 Segmentation fault      mpirun $Name $size
[r1i1n13:07777] PMIX ERROR: OUT-OF-RESOURCE in file src/dstore/pmix_esh.c at line 1651
[r1i1n13:07777] PMIX ERROR: OUT-OF-RESOURCE in file src/dstore/pmix_esh.c at line 820
[r1i1n13:07777] PMIX ERROR: ERROR in file src/dstore/pmix_esh.c at line 1468
[r1i1n13:07777] PMIX ERROR: ERROR in file src/server/pmix_server.c at line 592
/var/tmp/slurmd.spool/job316342/slurm_script: line 26:  7777 Segmentation fault      mpirun $Name $size
[r1i1n13:07782] PMIX ERROR: OUT-OF-RESOURCE in file src/dstore/pmix_esh.c at line 1651
[r1i1n13:07782] PMIX ERROR: OUT-OF-RESOURCE in file src/dstore/pmix_esh.c at line 820
[r1i1n13:07782] PMIX ERROR: ERROR in file src/dstore/pmix_esh.c at line 1468
[r1i1n13:07782] PMIX ERROR: ERROR in file src/server/pmix_server.c at line 592
/var/tmp/slurmd.spool/job316342/slurm_script: line 26:  7782 Segmentation fault      mpirun $Name $size
[r1i1n13:07787] PMIX ERROR: OUT-OF-RESOURCE in file src/dstore/pmix_esh.c at line 1651
[r1i1n13:07787] PMIX ERROR: OUT-OF-RESOURCE in file src/dstore/pmix_esh.c at line 820
[r1i1n13:07787] PMIX ERROR: ERROR in file src/dstore/pmix_esh.c at line 1468
[r1i1n13:07787] PMIX ERROR: ERROR in file src/server/pmix_server.c at line 592
/var/tmp/slurmd.spool/job316342/slurm_script: line 26:  7787 Segmentation fault      mpirun $Name $size
[r1i1n13:07792] PMIX ERROR: OUT-OF-RESOURCE in file src/dstore/pmix_esh.c at line 1651
[r1i1n13:07792] PMIX ERROR: OUT-OF-RESOURCE in file src/dstore/pmix_esh.c at line 820
[r1i1n13:07792] PMIX ERROR: ERROR in file src/dstore/pmix_esh.c at line 1468
[r1i1n13:07792] PMIX ERROR: ERROR in file src/server/pmix_server.c at line 592
/var/tmp/slurmd.spool/job316342/slurm_script: line 26:  7792 Segmentation fault      mpirun $Name $size
[r1i1n13:07797] PMIX ERROR: OUT-OF-RESOURCE in file src/dstore/pmix_esh.c at line 1651
[r1i1n13:07797] PMIX ERROR: OUT-OF-RESOURCE in file src/dstore/pmix_esh.c at line 820
[r1i1n13:07797] PMIX ERROR: ERROR in file src/dstore/pmix_esh.c at line 1468
[r1i1n13:07797] PMIX ERROR: ERROR in file src/server/pmix_server.c at line 592
/var/tmp/slurmd.spool/job316342/slurm_script: line 26:  7797 Segmentation fault      mpirun $Name $size
[r1i1n13:07802] PMIX ERROR: OUT-OF-RESOURCE in file src/dstore/pmix_esh.c at line 1651
[r1i1n13:07802] PMIX ERROR: OUT-OF-RESOURCE in file src/dstore/pmix_esh.c at line 820
[r1i1n13:07802] PMIX ERROR: ERROR in file src/dstore/pmix_esh.c at line 1468
[r1i1n13:07802] PMIX ERROR: ERROR in file src/server/pmix_server.c at line 592
/var/tmp/slurmd.spool/job316342/slurm_script: line 26:  7802 Segmentation fault      mpirun $Name $size
[r1i1n13:07807] PMIX ERROR: OUT-OF-RESOURCE in file src/dstore/pmix_esh.c at line 1651
[r1i1n13:07807] PMIX ERROR: OUT-OF-RESOURCE in file src/dstore/pmix_esh.c at line 820
[r1i1n13:07807] PMIX ERROR: ERROR in file src/dstore/pmix_esh.c at line 1468
[r1i1n13:07807] PMIX ERROR: ERROR in file src/server/pmix_server.c at line 592
/var/tmp/slurmd.spool/job316342/slurm_script: line 26:  7807 Segmentation fault      mpirun $Name $size
[r1i1n13:07812] PMIX ERROR: OUT-OF-RESOURCE in file src/dstore/pmix_esh.c at line 1651
[r1i1n13:07812] PMIX ERROR: OUT-OF-RESOURCE in file src/dstore/pmix_esh.c at line 820
[r1i1n13:07812] PMIX ERROR: ERROR in file src/dstore/pmix_esh.c at line 1468
[r1i1n13:07812] PMIX ERROR: ERROR in file src/server/pmix_server.c at line 592
/var/tmp/slurmd.spool/job316342/slurm_script: line 26:  7812 Segmentation fault      mpirun $Name $size
[r1i1n13:07817] PMIX ERROR: OUT-OF-RESOURCE in file src/dstore/pmix_esh.c at line 1651
[r1i1n13:07817] PMIX ERROR: OUT-OF-RESOURCE in file src/dstore/pmix_esh.c at line 820
[r1i1n13:07817] PMIX ERROR: ERROR in file src/dstore/pmix_esh.c at line 1468
[r1i1n13:07817] PMIX ERROR: ERROR in file src/server/pmix_server.c at line 592
/var/tmp/slurmd.spool/job316342/slurm_script: line 26:  7817 Segmentation fault      mpirun $Name $size
[r1i1n13:07822] PMIX ERROR: OUT-OF-RESOURCE in file src/dstore/pmix_esh.c at line 1651
[r1i1n13:07822] PMIX ERROR: OUT-OF-RESOURCE in file src/dstore/pmix_esh.c at line 820
[r1i1n13:07822] PMIX ERROR: ERROR in file src/dstore/pmix_esh.c at line 1468
[r1i1n13:07822] PMIX ERROR: ERROR in file src/server/pmix_server.c at line 592
/var/tmp/slurmd.spool/job316342/slurm_script: line 26:  7822 Segmentation fault      mpirun $Name $size
[r1i1n13:07827] PMIX ERROR: OUT-OF-RESOURCE in file src/dstore/pmix_esh.c at line 1651
[r1i1n13:07827] PMIX ERROR: OUT-OF-RESOURCE in file src/dstore/pmix_esh.c at line 820
[r1i1n13:07827] PMIX ERROR: ERROR in file src/dstore/pmix_esh.c at line 1468
[r1i1n13:07827] PMIX ERROR: ERROR in file src/server/pmix_server.c at line 592
/var/tmp/slurmd.spool/job316342/slurm_script: line 26:  7827 Segmentation fault      mpirun $Name $size
[r1i1n13:07832] PMIX ERROR: OUT-OF-RESOURCE in file src/dstore/pmix_esh.c at line 1651
[r1i1n13:07832] PMIX ERROR: OUT-OF-RESOURCE in file src/dstore/pmix_esh.c at line 820
[r1i1n13:07832] PMIX ERROR: ERROR in file src/dstore/pmix_esh.c at line 1468
[r1i1n13:07832] PMIX ERROR: ERROR in file src/server/pmix_server.c at line 592
/var/tmp/slurmd.spool/job316342/slurm_script: line 26:  7832 Segmentation fault      mpirun $Name $size
[r1i1n13:07837] PMIX ERROR: OUT-OF-RESOURCE in file src/dstore/pmix_esh.c at line 1651
[r1i1n13:07837] PMIX ERROR: OUT-OF-RESOURCE in file src/dstore/pmix_esh.c at line 820
[r1i1n13:07837] PMIX ERROR: ERROR in file src/dstore/pmix_esh.c at line 1468
[r1i1n13:07837] PMIX ERROR: ERROR in file src/server/pmix_server.c at line 592
/var/tmp/slurmd.spool/job316342/slurm_script: line 26:  7837 Segmentation fault      mpirun $Name $size
[r1i1n13:07842] PMIX ERROR: OUT-OF-RESOURCE in file src/dstore/pmix_esh.c at line 1651
[r1i1n13:07842] PMIX ERROR: OUT-OF-RESOURCE in file src/dstore/pmix_esh.c at line 820
[r1i1n13:07842] PMIX ERROR: ERROR in file src/dstore/pmix_esh.c at line 1468
[r1i1n13:07842] PMIX ERROR: ERROR in file src/server/pmix_server.c at line 592
/var/tmp/slurmd.spool/job316342/slurm_script: line 26:  7842 Segmentation fault      mpirun $Name $size
[r1i1n13:07847] PMIX ERROR: OUT-OF-RESOURCE in file src/dstore/pmix_esh.c at line 1651
[r1i1n13:07847] PMIX ERROR: OUT-OF-RESOURCE in file src/dstore/pmix_esh.c at line 820
[r1i1n13:07847] PMIX ERROR: ERROR in file src/dstore/pmix_esh.c at line 1468
[r1i1n13:07847] PMIX ERROR: ERROR in file src/server/pmix_server.c at line 592
/var/tmp/slurmd.spool/job316342/slurm_script: line 26:  7847 Segmentation fault      mpirun $Name $size
[r1i1n13:07853] PMIX ERROR: OUT-OF-RESOURCE in file src/dstore/pmix_esh.c at line 1651
[r1i1n13:07853] PMIX ERROR: OUT-OF-RESOURCE in file src/dstore/pmix_esh.c at line 820
[r1i1n13:07853] PMIX ERROR: ERROR in file src/dstore/pmix_esh.c at line 1468
[r1i1n13:07853] PMIX ERROR: ERROR in file src/server/pmix_server.c at line 592
/var/tmp/slurmd.spool/job316342/slurm_script: line 26:  7853 Segmentation fault      mpirun $Name $size
[r1i1n13:07858] PMIX ERROR: OUT-OF-RESOURCE in file src/dstore/pmix_esh.c at line 1651
[r1i1n13:07858] PMIX ERROR: OUT-OF-RESOURCE in file src/dstore/pmix_esh.c at line 820
[r1i1n13:07858] PMIX ERROR: ERROR in file src/dstore/pmix_esh.c at line 1468
[r1i1n13:07858] PMIX ERROR: ERROR in file src/server/pmix_server.c at line 592
/var/tmp/slurmd.spool/job316342/slurm_script: line 26:  7858 Segmentation fault      mpirun $Name $size
[r1i1n13:07863] PMIX ERROR: OUT-OF-RESOURCE in file src/dstore/pmix_esh.c at line 1651
[r1i1n13:07863] PMIX ERROR: OUT-OF-RESOURCE in file src/dstore/pmix_esh.c at line 820
[r1i1n13:07863] PMIX ERROR: ERROR in file src/dstore/pmix_esh.c at line 1468
[r1i1n13:07863] PMIX ERROR: ERROR in file src/server/pmix_server.c at line 592
/var/tmp/slurmd.spool/job316342/slurm_script: line 26:  7863 Segmentation fault      mpirun $Name $size
[r1i1n13:07868] PMIX ERROR: OUT-OF-RESOURCE in file src/dstore/pmix_esh.c at line 1651
[r1i1n13:07868] PMIX ERROR: OUT-OF-RESOURCE in file src/dstore/pmix_esh.c at line 820
[r1i1n13:07868] PMIX ERROR: ERROR in file src/dstore/pmix_esh.c at line 1468
[r1i1n13:07868] PMIX ERROR: ERROR in file src/server/pmix_server.c at line 592
/var/tmp/slurmd.spool/job316342/slurm_script: line 26:  7868 Segmentation fault      mpirun $Name $size
[r1i1n13:07873] PMIX ERROR: OUT-OF-RESOURCE in file src/dstore/pmix_esh.c at line 1651
[r1i1n13:07873] PMIX ERROR: OUT-OF-RESOURCE in file src/dstore/pmix_esh.c at line 820
[r1i1n13:07873] PMIX ERROR: ERROR in file src/dstore/pmix_esh.c at line 1468
[r1i1n13:07873] PMIX ERROR: ERROR in file src/server/pmix_server.c at line 592
/var/tmp/slurmd.spool/job316342/slurm_script: line 26:  7873 Segmentation fault      mpirun $Name $size
[r1i1n13:07878] PMIX ERROR: OUT-OF-RESOURCE in file src/dstore/pmix_esh.c at line 1651
[r1i1n13:07878] PMIX ERROR: OUT-OF-RESOURCE in file src/dstore/pmix_esh.c at line 820
[r1i1n13:07878] PMIX ERROR: ERROR in file src/dstore/pmix_esh.c at line 1468
[r1i1n13:07878] PMIX ERROR: ERROR in file src/server/pmix_server.c at line 592
/var/tmp/slurmd.spool/job316342/slurm_script: line 26:  7878 Segmentation fault      mpirun $Name $size
[r1i1n13:07883] PMIX ERROR: OUT-OF-RESOURCE in file src/dstore/pmix_esh.c at line 1651
[r1i1n13:07883] PMIX ERROR: OUT-OF-RESOURCE in file src/dstore/pmix_esh.c at line 820
[r1i1n13:07883] PMIX ERROR: ERROR in file src/dstore/pmix_esh.c at line 1468
[r1i1n13:07883] PMIX ERROR: ERROR in file src/server/pmix_server.c at line 592
/var/tmp/slurmd.spool/job316342/slurm_script: line 26:  7883 Segmentation fault      mpirun $Name $size
[r1i1n13:07888] PMIX ERROR: OUT-OF-RESOURCE in file src/dstore/pmix_esh.c at line 1651
[r1i1n13:07888] PMIX ERROR: OUT-OF-RESOURCE in file src/dstore/pmix_esh.c at line 820
[r1i1n13:07888] PMIX ERROR: ERROR in file src/dstore/pmix_esh.c at line 1468
[r1i1n13:07888] PMIX ERROR: ERROR in file src/server/pmix_server.c at line 592
/var/tmp/slurmd.spool/job316342/slurm_script: line 26:  7888 Segmentation fault      mpirun $Name $size
[r1i1n13:07893] PMIX ERROR: OUT-OF-RESOURCE in file src/dstore/pmix_esh.c at line 1651
[r1i1n13:07893] PMIX ERROR: OUT-OF-RESOURCE in file src/dstore/pmix_esh.c at line 820
[r1i1n13:07893] PMIX ERROR: ERROR in file src/dstore/pmix_esh.c at line 1468
[r1i1n13:07893] PMIX ERROR: ERROR in file src/server/pmix_server.c at line 592
/var/tmp/slurmd.spool/job316342/slurm_script: line 26:  7893 Segmentation fault      mpirun $Name $size
[r1i1n13:07899] PMIX ERROR: OUT-OF-RESOURCE in file src/dstore/pmix_esh.c at line 1651
[r1i1n13:07899] PMIX ERROR: OUT-OF-RESOURCE in file src/dstore/pmix_esh.c at line 820
[r1i1n13:07899] PMIX ERROR: ERROR in file src/dstore/pmix_esh.c at line 1468
[r1i1n13:07899] PMIX ERROR: ERROR in file src/server/pmix_server.c at line 592
/var/tmp/slurmd.spool/job316342/slurm_script: line 26:  7899 Segmentation fault      mpirun $Name $size
[r1i1n13:07904] PMIX ERROR: OUT-OF-RESOURCE in file src/dstore/pmix_esh.c at line 1651
[r1i1n13:07904] PMIX ERROR: OUT-OF-RESOURCE in file src/dstore/pmix_esh.c at line 820
[r1i1n13:07904] PMIX ERROR: ERROR in file src/dstore/pmix_esh.c at line 1468
[r1i1n13:07904] PMIX ERROR: ERROR in file src/server/pmix_server.c at line 592
/var/tmp/slurmd.spool/job316342/slurm_script: line 26:  7904 Segmentation fault      mpirun $Name $size
[r1i1n13:07909] PMIX ERROR: OUT-OF-RESOURCE in file src/dstore/pmix_esh.c at line 1651
[r1i1n13:07909] PMIX ERROR: OUT-OF-RESOURCE in file src/dstore/pmix_esh.c at line 820
[r1i1n13:07909] PMIX ERROR: ERROR in file src/dstore/pmix_esh.c at line 1468
[r1i1n13:07909] PMIX ERROR: ERROR in file src/server/pmix_server.c at line 592
/var/tmp/slurmd.spool/job316342/slurm_script: line 26:  7909 Segmentation fault      mpirun $Name $size
[r1i1n13:07914] PMIX ERROR: OUT-OF-RESOURCE in file src/dstore/pmix_esh.c at line 1651
[r1i1n13:07914] PMIX ERROR: OUT-OF-RESOURCE in file src/dstore/pmix_esh.c at line 820
[r1i1n13:07914] PMIX ERROR: ERROR in file src/dstore/pmix_esh.c at line 1468
[r1i1n13:07914] PMIX ERROR: ERROR in file src/server/pmix_server.c at line 592
/var/tmp/slurmd.spool/job316342/slurm_script: line 26:  7914 Segmentation fault      mpirun $Name $size
[r1i1n13:07919] PMIX ERROR: OUT-OF-RESOURCE in file src/dstore/pmix_esh.c at line 1651
[r1i1n13:07919] PMIX ERROR: OUT-OF-RESOURCE in file src/dstore/pmix_esh.c at line 820
[r1i1n13:07919] PMIX ERROR: ERROR in file src/dstore/pmix_esh.c at line 1468
[r1i1n13:07919] PMIX ERROR: ERROR in file src/server/pmix_server.c at line 592
/var/tmp/slurmd.spool/job316342/slurm_script: line 26:  7919 Segmentation fault      mpirun $Name $size
[r1i1n13:07924] PMIX ERROR: OUT-OF-RESOURCE in file src/dstore/pmix_esh.c at line 1651
[r1i1n13:07924] PMIX ERROR: OUT-OF-RESOURCE in file src/dstore/pmix_esh.c at line 820
[r1i1n13:07924] PMIX ERROR: ERROR in file src/dstore/pmix_esh.c at line 1468
[r1i1n13:07924] PMIX ERROR: ERROR in file src/server/pmix_server.c at line 592
/var/tmp/slurmd.spool/job316342/slurm_script: line 26:  7924 Segmentation fault      mpirun $Name $size
[r1i1n13:07929] PMIX ERROR: OUT-OF-RESOURCE in file src/dstore/pmix_esh.c at line 1651
[r1i1n13:07929] PMIX ERROR: OUT-OF-RESOURCE in file src/dstore/pmix_esh.c at line 820
[r1i1n13:07929] PMIX ERROR: ERROR in file src/dstore/pmix_esh.c at line 1468
[r1i1n13:07929] PMIX ERROR: ERROR in file src/server/pmix_server.c at line 592
/var/tmp/slurmd.spool/job316342/slurm_script: line 26:  7929 Segmentation fault      mpirun $Name $size
[r1i1n13:07934] PMIX ERROR: OUT-OF-RESOURCE in file src/dstore/pmix_esh.c at line 1651
[r1i1n13:07934] PMIX ERROR: OUT-OF-RESOURCE in file src/dstore/pmix_esh.c at line 820
[r1i1n13:07934] PMIX ERROR: ERROR in file src/dstore/pmix_esh.c at line 1468
[r1i1n13:07934] PMIX ERROR: ERROR in file src/server/pmix_server.c at line 592
/var/tmp/slurmd.spool/job316342/slurm_script: line 26:  7934 Segmentation fault      mpirun $Name $size
[r1i1n13:07939] PMIX ERROR: OUT-OF-RESOURCE in file src/dstore/pmix_esh.c at line 1651
[r1i1n13:07939] PMIX ERROR: OUT-OF-RESOURCE in file src/dstore/pmix_esh.c at line 820
[r1i1n13:07939] PMIX ERROR: ERROR in file src/dstore/pmix_esh.c at line 1468
[r1i1n13:07939] PMIX ERROR: ERROR in file src/server/pmix_server.c at line 592
/var/tmp/slurmd.spool/job316342/slurm_script: line 26:  7939 Segmentation fault      mpirun $Name $size
[r1i1n13:07945] PMIX ERROR: OUT-OF-RESOURCE in file src/dstore/pmix_esh.c at line 1651
[r1i1n13:07945] PMIX ERROR: OUT-OF-RESOURCE in file src/dstore/pmix_esh.c at line 820
[r1i1n13:07945] PMIX ERROR: ERROR in file src/dstore/pmix_esh.c at line 1468
[r1i1n13:07945] PMIX ERROR: ERROR in file src/server/pmix_server.c at line 592
/var/tmp/slurmd.spool/job316342/slurm_script: line 26:  7945 Segmentation fault      mpirun $Name $size
[r1i1n13:07950] PMIX ERROR: OUT-OF-RESOURCE in file src/dstore/pmix_esh.c at line 1651
[r1i1n13:07950] PMIX ERROR: OUT-OF-RESOURCE in file src/dstore/pmix_esh.c at line 820
[r1i1n13:07950] PMIX ERROR: ERROR in file src/dstore/pmix_esh.c at line 1468
[r1i1n13:07950] PMIX ERROR: ERROR in file src/server/pmix_server.c at line 592
/var/tmp/slurmd.spool/job316342/slurm_script: line 26:  7950 Segmentation fault      mpirun $Name $size
[r1i1n13:07955] PMIX ERROR: OUT-OF-RESOURCE in file src/dstore/pmix_esh.c at line 1651
[r1i1n13:07955] PMIX ERROR: OUT-OF-RESOURCE in file src/dstore/pmix_esh.c at line 820
[r1i1n13:07955] PMIX ERROR: ERROR in file src/dstore/pmix_esh.c at line 1468
[r1i1n13:07955] PMIX ERROR: ERROR in file src/server/pmix_server.c at line 592
/var/tmp/slurmd.spool/job316342/slurm_script: line 26:  7955 Segmentation fault      mpirun $Name $size
[r1i1n13:07960] PMIX ERROR: OUT-OF-RESOURCE in file src/dstore/pmix_esh.c at line 1651
[r1i1n13:07960] PMIX ERROR: OUT-OF-RESOURCE in file src/dstore/pmix_esh.c at line 820
[r1i1n13:07960] PMIX ERROR: ERROR in file src/dstore/pmix_esh.c at line 1468
[r1i1n13:07960] PMIX ERROR: ERROR in file src/server/pmix_server.c at line 592
/var/tmp/slurmd.spool/job316342/slurm_script: line 26:  7960 Segmentation fault      mpirun $Name $size
[r1i1n13:07965] PMIX ERROR: OUT-OF-RESOURCE in file src/dstore/pmix_esh.c at line 1651
[r1i1n13:07965] PMIX ERROR: OUT-OF-RESOURCE in file src/dstore/pmix_esh.c at line 820
[r1i1n13:07965] PMIX ERROR: ERROR in file src/dstore/pmix_esh.c at line 1468
[r1i1n13:07965] PMIX ERROR: ERROR in file src/server/pmix_server.c at line 592
/var/tmp/slurmd.spool/job316342/slurm_script: line 26:  7965 Segmentation fault      mpirun $Name $size
[r1i1n13:07970] PMIX ERROR: OUT-OF-RESOURCE in file src/dstore/pmix_esh.c at line 1651
[r1i1n13:07970] PMIX ERROR: OUT-OF-RESOURCE in file src/dstore/pmix_esh.c at line 820
[r1i1n13:07970] PMIX ERROR: ERROR in file src/dstore/pmix_esh.c at line 1468
[r1i1n13:07970] PMIX ERROR: ERROR in file src/server/pmix_server.c at line 592
/var/tmp/slurmd.spool/job316342/slurm_script: line 26:  7970 Segmentation fault      mpirun $Name $size
[r1i1n13:07975] PMIX ERROR: OUT-OF-RESOURCE in file src/dstore/pmix_esh.c at line 1651
[r1i1n13:07975] PMIX ERROR: OUT-OF-RESOURCE in file src/dstore/pmix_esh.c at line 820
[r1i1n13:07975] PMIX ERROR: ERROR in file src/dstore/pmix_esh.c at line 1468
[r1i1n13:07975] PMIX ERROR: ERROR in file src/server/pmix_server.c at line 592
/var/tmp/slurmd.spool/job316342/slurm_script: line 26:  7975 Segmentation fault      mpirun $Name $size
[r1i1n13:07980] PMIX ERROR: OUT-OF-RESOURCE in file src/dstore/pmix_esh.c at line 1651
[r1i1n13:07980] PMIX ERROR: OUT-OF-RESOURCE in file src/dstore/pmix_esh.c at line 820
[r1i1n13:07980] PMIX ERROR: ERROR in file src/dstore/pmix_esh.c at line 1468
[r1i1n13:07980] PMIX ERROR: ERROR in file src/server/pmix_server.c at line 592
/var/tmp/slurmd.spool/job316342/slurm_script: line 26:  7980 Segmentation fault      mpirun $Name $size
[r1i1n13:07985] PMIX ERROR: OUT-OF-RESOURCE in file src/dstore/pmix_esh.c at line 1651
[r1i1n13:07985] PMIX ERROR: OUT-OF-RESOURCE in file src/dstore/pmix_esh.c at line 820
[r1i1n13:07985] PMIX ERROR: ERROR in file src/dstore/pmix_esh.c at line 1468
[r1i1n13:07985] PMIX ERROR: ERROR in file src/server/pmix_server.c at line 592
/var/tmp/slurmd.spool/job316342/slurm_script: line 26:  7985 Segmentation fault      mpirun $Name $size
[r1i1n13:07991] PMIX ERROR: OUT-OF-RESOURCE in file src/dstore/pmix_esh.c at line 1651
[r1i1n13:07991] PMIX ERROR: OUT-OF-RESOURCE in file src/dstore/pmix_esh.c at line 820
[r1i1n13:07991] PMIX ERROR: ERROR in file src/dstore/pmix_esh.c at line 1468
[r1i1n13:07991] PMIX ERROR: ERROR in file src/server/pmix_server.c at line 592
/var/tmp/slurmd.spool/job316342/slurm_script: line 26:  7991 Segmentation fault      mpirun $Name $size
[r1i1n13:07996] PMIX ERROR: OUT-OF-RESOURCE in file src/dstore/pmix_esh.c at line 1651
[r1i1n13:07996] PMIX ERROR: OUT-OF-RESOURCE in file src/dstore/pmix_esh.c at line 820
[r1i1n13:07996] PMIX ERROR: ERROR in file src/dstore/pmix_esh.c at line 1468
[r1i1n13:07996] PMIX ERROR: ERROR in file src/server/pmix_server.c at line 592
/var/tmp/slurmd.spool/job316342/slurm_script: line 26:  7996 Segmentation fault      mpirun $Name $size
[r1i1n13:08001] PMIX ERROR: OUT-OF-RESOURCE in file src/dstore/pmix_esh.c at line 1651
[r1i1n13:08001] PMIX ERROR: OUT-OF-RESOURCE in file src/dstore/pmix_esh.c at line 820
[r1i1n13:08001] PMIX ERROR: ERROR in file src/dstore/pmix_esh.c at line 1468
[r1i1n13:08001] PMIX ERROR: ERROR in file src/server/pmix_server.c at line 592
/var/tmp/slurmd.spool/job316342/slurm_script: line 26:  8001 Segmentation fault      mpirun $Name $size
[r1i1n13:08006] PMIX ERROR: OUT-OF-RESOURCE in file src/dstore/pmix_esh.c at line 1651
[r1i1n13:08006] PMIX ERROR: OUT-OF-RESOURCE in file src/dstore/pmix_esh.c at line 820
[r1i1n13:08006] PMIX ERROR: ERROR in file src/dstore/pmix_esh.c at line 1468
[r1i1n13:08006] PMIX ERROR: ERROR in file src/server/pmix_server.c at line 592
/var/tmp/slurmd.spool/job316342/slurm_script: line 26:  8006 Segmentation fault      mpirun $Name $size
