/opt/intel/compilers_and_libraries_2016.1.150/linux/mpi/intel64/bin/mpiicc: line 562: icc: command not found
[proxy:0:0@service2] HYD_pmcd_pmi_args_to_tokens (../../pm/pmiserv/common.c:276): assert (*count * sizeof(struct HYD_pmcd_token)) failed
[proxy:0:0@service2] fn_job_getid (../../pm/pmiserv/pmip_pmi_v2.c:253): unable to convert args to tokens
[mpiexec@service2] control_cb (../../pm/pmiserv/pmiserv_cb.c:781): connection to proxy 0 at host service2 failed
[mpiexec@service2] HYDT_dmxu_poll_wait_for_event (../../tools/demux/demux_poll.c:76): callback returned error status
[mpiexec@service2] HYD_pmci_wait_for_completion (../../pm/pmiserv/pmiserv_pmci.c:500): error waiting for event
[mpiexec@service2] main (../../ui/mpich/mpiexec.c:1125): process manager error waiting for completion
[proxy:0:0@service2] HYD_pmcd_pmi_args_to_tokens (../../pm/pmiserv/common.c:276): assert (*count * sizeof(struct HYD_pmcd_token)) failed
[proxy:0:0@service2] fn_job_getid (../../pm/pmiserv/pmip_pmi_v2.c:253): unable to convert args to tokens
[mpiexec@service2] control_cb (../../pm/pmiserv/pmiserv_cb.c:781): connection to proxy 0 at host service2 failed
[mpiexec@service2] HYDT_dmxu_poll_wait_for_event (../../tools/demux/demux_poll.c:76): callback returned error status
[mpiexec@service2] HYD_pmci_wait_for_completion (../../pm/pmiserv/pmiserv_pmci.c:500): error waiting for event
[mpiexec@service2] main (../../ui/mpich/mpiexec.c:1125): process manager error waiting for completion
[proxy:0:0@service2] HYD_pmcd_pmi_args_to_tokens (../../pm/pmiserv/common.c:276): assert (*count * sizeof(struct HYD_pmcd_token)) failed
[proxy:0:0@service2] fn_job_getid (../../pm/pmiserv/pmip_pmi_v2.c:253): unable to convert args to tokens
[mpiexec@service2] control_cb (../../pm/pmiserv/pmiserv_cb.c:781): connection to proxy 0 at host service2 failed
[mpiexec@service2] HYDT_dmxu_poll_wait_for_event (../../tools/demux/demux_poll.c:76): callback returned error status
[mpiexec@service2] HYD_pmci_wait_for_completion (../../pm/pmiserv/pmiserv_pmci.c:500): error waiting for event
[mpiexec@service2] main (../../ui/mpich/mpiexec.c:1125): process manager error waiting for completion
[proxy:0:0@service2] HYD_pmcd_pmi_args_to_tokens (../../pm/pmiserv/common.c:276): assert (*count * sizeof(struct HYD_pmcd_token)) failed
[proxy:0:0@service2] fn_job_getid (../../pm/pmiserv/pmip_pmi_v2.c:253): [mpiexec@service2] control_cb (../../pm/pmiserv/pmiserv_cb.c:781): connection to proxy 0 at host service2 failed
[mpiexec@service2] HYDT_dmxu_poll_wait_for_event (../../tools/demux/demux_poll.c:76): callback returned error status
[mpiexec@service2] HYD_pmci_wait_for_completion (../../pm/pmiserv/pmiserv_pmci.c:500): error waiting for event
[mpiexec@service2] main (../../ui/mpich/mpiexec.c:1125): process manager error waiting for completion
[proxy:0:0@service2] HYD_pmcd_pmi_args_to_tokens (../../pm/pmiserv/common.c:276): assert (*count * sizeof(struct HYD_pmcd_token)) failed
[proxy:0:0@service2] fn_job_getid (../../pm/pmiserv/pmip_pmi_v2.c:253): unable to convert args to tokens
[mpiexec@service2] control_cb (../../pm/pmiserv/pmiserv_cb.c:781): connection to proxy 0 at host service2 failed
[mpiexec@service2] HYDT_dmxu_poll_wait_for_event (../../tools/demux/demux_poll.c:76): callback returned error status
[mpiexec@service2] HYD_pmci_wait_for_completion (../../pm/pmiserv/pmiserv_pmci.c:500): error waiting for event
[mpiexec@service2] main (../../ui/mpich/mpiexec.c:1125): process manager error waiting for completion
[proxy:0:0@service2] HYD_pmcd_pmi_args_to_tokens (../../pm/pmiserv/common.c:276): assert (*count * sizeof(struct HYD_pmcd_token)) failed
[proxy:0:0@service2] fn_job_getid (../../pm/pmiserv/pmip_pmi_v2.c:253): unable to convert args to tokens
[mpiexec@service2] control_cb (../../pm/pmiserv/pmiserv_cb.c:781): connection to proxy 0 at host service2 failed
[mpiexec@service2] HYDT_dmxu_poll_wait_for_event (../../tools/demux/demux_poll.c:76): callback returned error status
[mpiexec@service2] HYD_pmci_wait_for_completion (../../pm/pmiserv/pmiserv_pmci.c:500): error waiting for event
[mpiexec@service2] main (../../ui/mpich/mpiexec.c:1125): process manager error waiting for completion
[proxy:0:0@service2] HYD_pmcd_pmi_args_to_tokens (../../pm/pmiserv/common.c:276): assert (*count * sizeof(struct HYD_pmcd_token)) failed
[proxy:0:0@service2] fn_job_getid (../../pm/pmiserv/pmip_pmi_v2.c:253): [mpiexec@service2] control_cb (../../pm/pmiserv/pmiserv_cb.c:781): connection to proxy 0 at host service2 failed
[mpiexec@service2] HYDT_dmxu_poll_wait_for_event (../../tools/demux/demux_poll.c:76): callback returned error status
[mpiexec@service2] HYD_pmci_wait_for_completion (../../pm/pmiserv/pmiserv_pmci.c:500): error waiting for event
[mpiexec@service2] main (../../ui/mpich/mpiexec.c:1125): process manager error waiting for completion
[proxy:0:0@service2] HYD_pmcd_pmi_args_to_tokens (../../pm/pmiserv/common.c:276): assert (*count * sizeof(struct HYD_pmcd_token)) failed
[proxy:0:0@service2] fn_job_getid (../../pm/pmiserv/pmip_pmi_v2.c:253): unable to convert args to tokens
[proxy:0:0@service2] [mpiexec@service2] control_cb (../../pm/pmiserv/pmiserv_cb.c:781): connection to proxy 0 at host service2 failed
[mpiexec@service2] HYDT_dmxu_poll_wait_for_event (../../tools/demux/demux_poll.c:76): callback returned error status
[mpiexec@service2] HYD_pmci_wait_for_completion (../../pm/pmiserv/pmiserv_pmci.c:500): error waiting for event
[mpiexec@service2] main (../../ui/mpich/mpiexec.c:1125): process manager error waiting for completion
[proxy:0:0@service2] HYD_pmcd_pmi_args_to_tokens (../../pm/pmiserv/common.c:276): assert (*count * sizeof(struct HYD_pmcd_token)) failed
[proxy:0:0@service2] fn_job_getid (../../pm/pmiserv/pmip_pmi_v2.c:253): unable to convert args to tokens
[proxy:0:0@service2] pmi_cb (../../pm/pmiserv/pmip_cb.c:806): [mpiexec@service2] control_cb (../../pm/pmiserv/pmiserv_cb.c:781): connection to proxy 0 at host service2 failed
[mpiexec@service2] HYDT_dmxu_poll_wait_for_event (../../tools/demux/demux_poll.c:76): callback returned error status
[mpiexec@service2] HYD_pmci_wait_for_completion (../../pm/pmiserv/pmiserv_pmci.c:500): error waiting for event
[mpiexec@service2] main (../../ui/mpich/mpiexec.c:1125): process manager error waiting for completion
[proxy:0:0@service2] HYD_pmcd_pmi_args_to_tokens (../../pm/pmiserv/common.c:276): assert (*count * sizeof(struct HYD_pmcd_token)) failed
[proxy:0:0@service2] fn_job_getid (../../pm/pmiserv/pmip_pmi_v2.c:253): [mpiexec@service2] control_cb (../../pm/pmiserv/pmiserv_cb.c:781): connection to proxy 0 at host service2 failed
[mpiexec@service2] HYDT_dmxu_poll_wait_for_event (../../tools/demux/demux_poll.c:76): callback returned error status
[mpiexec@service2] HYD_pmci_wait_for_completion (../../pm/pmiserv/pmiserv_pmci.c:500): error waiting for event
[mpiexec@service2] main (../../ui/mpich/mpiexec.c:1125): process manager error waiting for completion
/opt/intel/compilers_and_libraries_2016.1.150/linux/mpi/intel64/bin/mpiicc: line 562: icc: command not found
[proxy:0:0@service2] HYD_pmcd_pmi_args_to_tokens (../../pm/pmiserv/common.c:276): assert (*count * sizeof(struct HYD_pmcd_token)) failed
[proxy:0:0@service2] fn_job_getid (../../pm/pmiserv/pmip_pmi_v2.c:253): unable to convert args to tokens
[proxy:0:0@service2] [mpiexec@service2] control_cb (../../pm/pmiserv/pmiserv_cb.c:781): connection to proxy 0 at host service2 failed
[mpiexec@service2] HYDT_dmxu_poll_wait_for_event (../../tools/demux/demux_poll.c:76): callback returned error status
[mpiexec@service2] HYD_pmci_wait_for_completion (../../pm/pmiserv/pmiserv_pmci.c:500): error waiting for event
[mpiexec@service2] main (../../ui/mpich/mpiexec.c:1125): process manager error waiting for completion
[proxy:0:0@service2] HYD_pmcd_pmi_args_to_tokens (../../pm/pmiserv/common.c:276): assert (*count * sizeof(struct HYD_pmcd_token)) failed
[proxy:0:0@service2] fn_job_getid (../../pm/pmiserv/pmip_pmi_v2.c:253): unable to convert args to tokens
[mpiexec@service2] control_cb (../../pm/pmiserv/pmiserv_cb.c:781): connection to proxy 0 at host service2 failed
[mpiexec@service2] HYDT_dmxu_poll_wait_for_event (../../tools/demux/demux_poll.c:76): callback returned error status
[mpiexec@service2] HYD_pmci_wait_for_completion (../../pm/pmiserv/pmiserv_pmci.c:500): error waiting for event
[mpiexec@service2] main (../../ui/mpich/mpiexec.c:1125): process manager error waiting for completion
[proxy:0:0@service2] HYD_pmcd_pmi_args_to_tokens (../../pm/pmiserv/common.c:276): assert (*count * sizeof(struct HYD_pmcd_token)) failed
[proxy:0:0@service2] fn_job_getid (../../pm/pmiserv/pmip_pmi_v2.c:253): [mpiexec@service2] control_cb (../../pm/pmiserv/pmiserv_cb.c:781): connection to proxy 0 at host service2 failed
[mpiexec@service2] HYDT_dmxu_poll_wait_for_event (../../tools/demux/demux_poll.c:76): callback returned error status
[mpiexec@service2] HYD_pmci_wait_for_completion (../../pm/pmiserv/pmiserv_pmci.c:500): error waiting for event
[mpiexec@service2] main (../../ui/mpich/mpiexec.c:1125): process manager error waiting for completion
[proxy:0:0@service2] HYD_pmcd_pmi_args_to_tokens (../../pm/pmiserv/common.c:276): assert (*count * sizeof(struct HYD_pmcd_token)) failed
[proxy:0:0@service2] fn_job_getid (../../pm/pmiserv/pmip_pmi_v2.c:253): [mpiexec@service2] control_cb (../../pm/pmiserv/pmiserv_cb.c:781): connection to proxy 0 at host service2 failed
[mpiexec@service2] HYDT_dmxu_poll_wait_for_event (../../tools/demux/demux_poll.c:76): callback returned error status
[mpiexec@service2] HYD_pmci_wait_for_completion (../../pm/pmiserv/pmiserv_pmci.c:500): error waiting for event
[mpiexec@service2] main (../../ui/mpich/mpiexec.c:1125): process manager error waiting for completion
[proxy:0:0@service2] HYD_pmcd_pmi_args_to_tokens (../../pm/pmiserv/common.c:276): assert (*count * sizeof(struct HYD_pmcd_token)) failed
[proxy:0:0@service2] fn_job_getid (../../pm/pmiserv/pmip_pmi_v2.c:253): unable to convert args to tokens
[mpiexec@service2] control_cb (../../pm/pmiserv/pmiserv_cb.c:781): connection to proxy 0 at host service2 failed
[mpiexec@service2] HYDT_dmxu_poll_wait_for_event (../../tools/demux/demux_poll.c:76): callback returned error status
[mpiexec@service2] HYD_pmci_wait_for_completion (../../pm/pmiserv/pmiserv_pmci.c:500): error waiting for event
[mpiexec@service2] main (../../ui/mpich/mpiexec.c:1125): process manager error waiting for completion
[proxy:0:0@service2] HYD_pmcd_pmi_args_to_tokens (../../pm/pmiserv/common.c:276): assert (*count * sizeof(struct HYD_pmcd_token)) failed
[proxy:0:0@service2] fn_job_getid (../../pm/pmiserv/pmip_pmi_v2.c:253): unable to convert args to tokens
[mpiexec@service2] control_cb (../../pm/pmiserv/pmiserv_cb.c:781): connection to proxy 0 at host service2 failed
[mpiexec@service2] HYDT_dmxu_poll_wait_for_event (../../tools/demux/demux_poll.c:76): callback returned error status
[mpiexec@service2] HYD_pmci_wait_for_completion (../../pm/pmiserv/pmiserv_pmci.c:500): error waiting for event
[mpiexec@service2] main (../../ui/mpich/mpiexec.c:1125): process manager error waiting for completion
[proxy:0:0@service2] HYD_pmcd_pmi_args_to_tokens (../../pm/pmiserv/common.c:276): assert (*count * sizeof(struct HYD_pmcd_token)) failed
[proxy:0:0@service2] fn_job_getid (../../pm/pmiserv/pmip_pmi_v2.c:253): unable to convert args to tokens
[proxy:0:0@service2] pmi_cb (../../pm/pmiserv/pmip_cb.c:806): PMI handler returned error
[proxy:0:0@service2] HYDT_dmxu_poll_wait_for_event (../../tools/demux/demux_poll.c:76): [mpiexec@service2] control_cb (../../pm/pmiserv/pmiserv_cb.c:781): connection to proxy 0 at host service2 failed
[mpiexec@service2] HYDT_dmxu_poll_wait_for_event (../../tools/demux/demux_poll.c:76): callback returned error status
[mpiexec@service2] HYD_pmci_wait_for_completion (../../pm/pmiserv/pmiserv_pmci.c:500): error waiting for event
[mpiexec@service2] main (../../ui/mpich/mpiexec.c:1125): process manager error waiting for completion
[proxy:0:0@service2] HYD_pmcd_pmi_args_to_tokens (../../pm/pmiserv/common.c:276): assert (*count * sizeof(struct HYD_pmcd_token)) failed
[proxy:0:0@service2] fn_job_getid (../../pm/pmiserv/pmip_pmi_v2.c:253): unable to convert args to tokens
[proxy:0:0@service2] [mpiexec@service2] control_cb (../../pm/pmiserv/pmiserv_cb.c:781): connection to proxy 0 at host service2 failed
[mpiexec@service2] HYDT_dmxu_poll_wait_for_event (../../tools/demux/demux_poll.c:76): callback returned error status
[mpiexec@service2] HYD_pmci_wait_for_completion (../../pm/pmiserv/pmiserv_pmci.c:500): error waiting for event
[mpiexec@service2] main (../../ui/mpich/mpiexec.c:1125): process manager error waiting for completion
[proxy:0:0@service2] HYD_pmcd_pmi_args_to_tokens (../../pm/pmiserv/common.c:276): assert (*count * sizeof(struct HYD_pmcd_token)) failed
[proxy:0:0@service2] fn_job_getid (../../pm/pmiserv/pmip_pmi_v2.c:253): unable to convert args to tokens
[proxy:0:0@service2] [mpiexec@service2] control_cb (../../pm/pmiserv/pmiserv_cb.c:781): connection to proxy 0 at host service2 failed
[mpiexec@service2] HYDT_dmxu_poll_wait_for_event (../../tools/demux/demux_poll.c:76): callback returned error status
[mpiexec@service2] HYD_pmci_wait_for_completion (../../pm/pmiserv/pmiserv_pmci.c:500): error waiting for event
[mpiexec@service2] main (../../ui/mpich/mpiexec.c:1125): process manager error waiting for completion
[proxy:0:0@service2] HYD_pmcd_pmi_args_to_tokens (../../pm/pmiserv/common.c:276): assert (*count * sizeof(struct HYD_pmcd_token)) failed
[proxy:0:0@service2] fn_job_getid (../../pm/pmiserv/pmip_pmi_v2.c:253): unable to convert args to tokens
[mpiexec@service2] control_cb (../../pm/pmiserv/pmiserv_cb.c:781): connection to proxy 0 at host service2 failed
[mpiexec@service2] HYDT_dmxu_poll_wait_for_event (../../tools/demux/demux_poll.c:76): callback returned error status
[mpiexec@service2] HYD_pmci_wait_for_completion (../../pm/pmiserv/pmiserv_pmci.c:500): error waiting for event
[mpiexec@service2] main (../../ui/mpich/mpiexec.c:1125): process manager error waiting for completion
/opt/intel/compilers_and_libraries_2016.1.150/linux/mpi/intel64/bin/mpiicc: line 562: icc: command not found
[proxy:0:0@service2] HYD_pmcd_pmi_args_to_tokens (../../pm/pmiserv/common.c:276): assert (*count * sizeof(struct HYD_pmcd_token)) failed
[proxy:0:0@service2] fn_job_getid (../../pm/pmiserv/pmip_pmi_v2.c:253): unable to convert args to tokens
[proxy:0:0@service2] pmi_cb (../../pm/pmiserv/pmip_cb.c:806): [mpiexec@service2] control_cb (../../pm/pmiserv/pmiserv_cb.c:781): connection to proxy 0 at host service2 failed
[mpiexec@service2] HYDT_dmxu_poll_wait_for_event (../../tools/demux/demux_poll.c:76): callback returned error status
[mpiexec@service2] HYD_pmci_wait_for_completion (../../pm/pmiserv/pmiserv_pmci.c:500): error waiting for event
[mpiexec@service2] main (../../ui/mpich/mpiexec.c:1125): process manager error waiting for completion
[proxy:0:0@service2] HYD_pmcd_pmi_args_to_tokens (../../pm/pmiserv/common.c:276): assert (*count * sizeof(struct HYD_pmcd_token)) failed
[proxy:0:0@service2] fn_job_getid (../../pm/pmiserv/pmip_pmi_v2.c:253): unable to convert args to tokens
[mpiexec@service2] control_cb (../../pm/pmiserv/pmiserv_cb.c:781): connection to proxy 0 at host service2 failed
[mpiexec@service2] HYDT_dmxu_poll_wait_for_event (../../tools/demux/demux_poll.c:76): callback returned error status
[mpiexec@service2] HYD_pmci_wait_for_completion (../../pm/pmiserv/pmiserv_pmci.c:500): error waiting for event
[mpiexec@service2] main (../../ui/mpich/mpiexec.c:1125): process manager error waiting for completion
[proxy:0:0@service2] HYD_pmcd_pmi_args_to_tokens (../../pm/pmiserv/common.c:276): assert (*count * sizeof(struct HYD_pmcd_token)) failed
[proxy:0:0@service2] fn_job_getid (../../pm/pmiserv/pmip_pmi_v2.c:253): unable to convert args to tokens
[mpiexec@service2] control_cb (../../pm/pmiserv/pmiserv_cb.c:781): connection to proxy 0 at host service2 failed
[mpiexec@service2] HYDT_dmxu_poll_wait_for_event (../../tools/demux/demux_poll.c:76): callback returned error status
[mpiexec@service2] HYD_pmci_wait_for_completion (../../pm/pmiserv/pmiserv_pmci.c:500): error waiting for event
[mpiexec@service2] main (../../ui/mpich/mpiexec.c:1125): process manager error waiting for completion
[proxy:0:0@service2] HYD_pmcd_pmi_args_to_tokens (../../pm/pmiserv/common.c:276): assert (*count * sizeof(struct HYD_pmcd_token)) failed
[proxy:0:0@service2] fn_job_getid (../../pm/pmiserv/pmip_pmi_v2.c:253): unable to convert args to tokens
[proxy:0:0@service2] pmi_cb (../../pm/pmiserv/pmip_cb.c:806): [mpiexec@service2] control_cb (../../pm/pmiserv/pmiserv_cb.c:781): connection to proxy 0 at host service2 failed
[mpiexec@service2] HYDT_dmxu_poll_wait_for_event (../../tools/demux/demux_poll.c:76): callback returned error status
[mpiexec@service2] HYD_pmci_wait_for_completion (../../pm/pmiserv/pmiserv_pmci.c:500): error waiting for event
[mpiexec@service2] main (../../ui/mpich/mpiexec.c:1125): process manager error waiting for completion
[proxy:0:0@service2] HYD_pmcd_pmi_args_to_tokens (../../pm/pmiserv/common.c:276): assert (*count * sizeof(struct HYD_pmcd_token)) failed
[proxy:0:0@service2] fn_job_getid (../../pm/pmiserv/pmip_pmi_v2.c:253): [mpiexec@service2] control_cb (../../pm/pmiserv/pmiserv_cb.c:781): connection to proxy 0 at host service2 failed
[mpiexec@service2] HYDT_dmxu_poll_wait_for_event (../../tools/demux/demux_poll.c:76): callback returned error status
[mpiexec@service2] HYD_pmci_wait_for_completion (../../pm/pmiserv/pmiserv_pmci.c:500): error waiting for event
[mpiexec@service2] main (../../ui/mpich/mpiexec.c:1125): process manager error waiting for completion
[proxy:0:0@service2] HYD_pmcd_pmi_args_to_tokens (../../pm/pmiserv/common.c:276): assert (*count * sizeof(struct HYD_pmcd_token)) failed
[proxy:0:0@service2] fn_job_getid (../../pm/pmiserv/pmip_pmi_v2.c:253): unable to convert args to tokens
[proxy:0:0@service2] [mpiexec@service2] control_cb (../../pm/pmiserv/pmiserv_cb.c:781): connection to proxy 0 at host service2 failed
[mpiexec@service2] HYDT_dmxu_poll_wait_for_event (../../tools/demux/demux_poll.c:76): callback returned error status
[mpiexec@service2] HYD_pmci_wait_for_completion (../../pm/pmiserv/pmiserv_pmci.c:500): error waiting for event
[mpiexec@service2] main (../../ui/mpich/mpiexec.c:1125): process manager error waiting for completion
[proxy:0:0@service2] HYD_pmcd_pmi_args_to_tokens (../../pm/pmiserv/common.c:276): assert (*count * sizeof(struct HYD_pmcd_token)) failed
[proxy:0:0@service2] fn_job_getid (../../pm/pmiserv/pmip_pmi_v2.c:253): unable to convert args to tokens
[proxy:0:0@service2] [mpiexec@service2] control_cb (../../pm/pmiserv/pmiserv_cb.c:781): connection to proxy 0 at host service2 failed
[mpiexec@service2] HYDT_dmxu_poll_wait_for_event (../../tools/demux/demux_poll.c:76): callback returned error status
[mpiexec@service2] HYD_pmci_wait_for_completion (../../pm/pmiserv/pmiserv_pmci.c:500): error waiting for event
[mpiexec@service2] main (../../ui/mpich/mpiexec.c:1125): process manager error waiting for completion
[proxy:0:0@service2] HYD_pmcd_pmi_args_to_tokens (../../pm/pmiserv/common.c:276): assert (*count * sizeof(struct HYD_pmcd_token)) failed
[proxy:0:0@service2] fn_job_getid (../../pm/pmiserv/pmip_pmi_v2.c:253): unable to convert args to tokens
[proxy:0:0@service2] [mpiexec@service2] control_cb (../../pm/pmiserv/pmiserv_cb.c:781): connection to proxy 0 at host service2 failed
[mpiexec@service2] HYDT_dmxu_poll_wait_for_event (../../tools/demux/demux_poll.c:76): callback returned error status
[mpiexec@service2] HYD_pmci_wait_for_completion (../../pm/pmiserv/pmiserv_pmci.c:500): error waiting for event
[mpiexec@service2] main (../../ui/mpich/mpiexec.c:1125): process manager error waiting for completion
[proxy:0:0@service2] HYD_pmcd_pmi_args_to_tokens (../../pm/pmiserv/common.c:276): assert (*count * sizeof(struct HYD_pmcd_token)) failed
[proxy:0:0@service2] fn_job_getid (../../pm/pmiserv/pmip_pmi_v2.c:253): unable to convert args to tokens
[mpiexec@service2] control_cb (../../pm/pmiserv/pmiserv_cb.c:781): connection to proxy 0 at host service2 failed
[mpiexec@service2] HYDT_dmxu_poll_wait_for_event (../../tools/demux/demux_poll.c:76): callback returned error status
[mpiexec@service2] HYD_pmci_wait_for_completion (../../pm/pmiserv/pmiserv_pmci.c:500): error waiting for event
[mpiexec@service2] main (../../ui/mpich/mpiexec.c:1125): process manager error waiting for completion
[proxy:0:0@service2] HYD_pmcd_pmi_args_to_tokens (../../pm/pmiserv/common.c:276): assert (*count * sizeof(struct HYD_pmcd_token)) failed
[proxy:0:0@service2] fn_job_getid (../../pm/pmiserv/pmip_pmi_v2.c:253): unable to convert args to tokens
[proxy:0:0@service2] [mpiexec@service2] control_cb (../../pm/pmiserv/pmiserv_cb.c:781): connection to proxy 0 at host service2 failed
[mpiexec@service2] HYDT_dmxu_poll_wait_for_event (../../tools/demux/demux_poll.c:76): callback returned error status
[mpiexec@service2] HYD_pmci_wait_for_completion (../../pm/pmiserv/pmiserv_pmci.c:500): error waiting for event
[mpiexec@service2] main (../../ui/mpich/mpiexec.c:1125): process manager error waiting for completion
/opt/intel/compilers_and_libraries_2016.1.150/linux/mpi/intel64/bin/mpiicc: line 562: icc: command not found
[proxy:0:0@service2] HYD_pmcd_pmi_args_to_tokens (../../pm/pmiserv/common.c:276): assert (*count * sizeof(struct HYD_pmcd_token)) failed
[proxy:0:0@service2] fn_job_getid (../../pm/pmiserv/pmip_pmi_v2.c:253): unable to convert args to tokens
[mpiexec@service2] control_cb (../../pm/pmiserv/pmiserv_cb.c:781): connection to proxy 0 at host service2 failed
[mpiexec@service2] HYDT_dmxu_poll_wait_for_event (../../tools/demux/demux_poll.c:76): callback returned error status
[mpiexec@service2] HYD_pmci_wait_for_completion (../../pm/pmiserv/pmiserv_pmci.c:500): error waiting for event
[mpiexec@service2] main (../../ui/mpich/mpiexec.c:1125): process manager error waiting for completion
[proxy:0:0@service2] HYD_pmcd_pmi_args_to_tokens (../../pm/pmiserv/common.c:276): assert (*count * sizeof(struct HYD_pmcd_token)) failed
[proxy:0:0@service2] fn_job_getid (../../pm/pmiserv/pmip_pmi_v2.c:253): unable to convert args to tokens
[mpiexec@service2] control_cb (../../pm/pmiserv/pmiserv_cb.c:781): connection to proxy 0 at host service2 failed
[mpiexec@service2] HYDT_dmxu_poll_wait_for_event (../../tools/demux/demux_poll.c:76): callback returned error status
[mpiexec@service2] HYD_pmci_wait_for_completion (../../pm/pmiserv/pmiserv_pmci.c:500): error waiting for event
[mpiexec@service2] main (../../ui/mpich/mpiexec.c:1125): process manager error waiting for completion
[proxy:0:0@service2] HYD_pmcd_pmi_args_to_tokens (../../pm/pmiserv/common.c:276): assert (*count * sizeof(struct HYD_pmcd_token)) failed
[proxy:0:0@service2] fn_job_getid (../../pm/pmiserv/pmip_pmi_v2.c:253): unable to convert args to tokens
[mpiexec@service2] control_cb (../../pm/pmiserv/pmiserv_cb.c:781): connection to proxy 0 at host service2 failed
[mpiexec@service2] HYDT_dmxu_poll_wait_for_event (../../tools/demux/demux_poll.c:76): callback returned error status
[mpiexec@service2] HYD_pmci_wait_for_completion (../../pm/pmiserv/pmiserv_pmci.c:500): error waiting for event
[mpiexec@service2] main (../../ui/mpich/mpiexec.c:1125): process manager error waiting for completion
[proxy:0:0@service2] HYD_pmcd_pmi_args_to_tokens (../../pm/pmiserv/common.c:276): assert (*count * sizeof(struct HYD_pmcd_token)) failed
[proxy:0:0@service2] fn_job_getid (../../pm/pmiserv/pmip_pmi_v2.c:253): unable to convert args to tokens
[mpiexec@service2] control_cb (../../pm/pmiserv/pmiserv_cb.c:781): connection to proxy 0 at host service2 failed
[mpiexec@service2] HYDT_dmxu_poll_wait_for_event (../../tools/demux/demux_poll.c:76): callback returned error status
[mpiexec@service2] HYD_pmci_wait_for_completion (../../pm/pmiserv/pmiserv_pmci.c:500): error waiting for event
[mpiexec@service2] main (../../ui/mpich/mpiexec.c:1125): process manager error waiting for completion
[proxy:0:0@service2] HYD_pmcd_pmi_args_to_tokens (../../pm/pmiserv/common.c:276): assert (*count * sizeof(struct HYD_pmcd_token)) failed
[proxy:0:0@service2] fn_job_getid (../../pm/pmiserv/pmip_pmi_v2.c:253): unable to convert args to tokens
[mpiexec@service2] control_cb (../../pm/pmiserv/pmiserv_cb.c:781): connection to proxy 0 at host service2 failed
[mpiexec@service2] HYDT_dmxu_poll_wait_for_event (../../tools/demux/demux_poll.c:76): callback returned error status
[mpiexec@service2] HYD_pmci_wait_for_completion (../../pm/pmiserv/pmiserv_pmci.c:500): error waiting for event
[mpiexec@service2] main (../../ui/mpich/mpiexec.c:1125): process manager error waiting for completion
[proxy:0:0@service2] HYD_pmcd_pmi_args_to_tokens (../../pm/pmiserv/common.c:276): assert (*count * sizeof(struct HYD_pmcd_token)) failed
[proxy:0:0@service2] fn_job_getid (../../pm/pmiserv/pmip_pmi_v2.c:253): unable to convert args to tokens
[proxy:0:0@service2] [mpiexec@service2] control_cb (../../pm/pmiserv/pmiserv_cb.c:781): connection to proxy 0 at host service2 failed
[mpiexec@service2] HYDT_dmxu_poll_wait_for_event (../../tools/demux/demux_poll.c:76): callback returned error status
[mpiexec@service2] HYD_pmci_wait_for_completion (../../pm/pmiserv/pmiserv_pmci.c:500): error waiting for event
[mpiexec@service2] main (../../ui/mpich/mpiexec.c:1125): process manager error waiting for completion
[proxy:0:0@service2] HYD_pmcd_pmi_args_to_tokens (../../pm/pmiserv/common.c:276): assert (*count * sizeof(struct HYD_pmcd_token)) failed
[proxy:0:0@service2] fn_job_getid (../../pm/pmiserv/pmip_pmi_v2.c:253): unable to convert args to tokens
[mpiexec@service2] control_cb (../../pm/pmiserv/pmiserv_cb.c:781): connection to proxy 0 at host service2 failed
[mpiexec@service2] HYDT_dmxu_poll_wait_for_event (../../tools/demux/demux_poll.c:76): callback returned error status
[mpiexec@service2] HYD_pmci_wait_for_completion (../../pm/pmiserv/pmiserv_pmci.c:500): error waiting for event
[mpiexec@service2] main (../../ui/mpich/mpiexec.c:1125): process manager error waiting for completion
[proxy:0:0@service2] HYD_pmcd_pmi_args_to_tokens (../../pm/pmiserv/common.c:276): assert (*count * sizeof(struct HYD_pmcd_token)) failed
[proxy:0:0@service2] fn_job_getid (../../pm/pmiserv/pmip_pmi_v2.c:253): unable to convert args to tokens
[mpiexec@service2] control_cb (../../pm/pmiserv/pmiserv_cb.c:781): connection to proxy 0 at host service2 failed
[mpiexec@service2] HYDT_dmxu_poll_wait_for_event (../../tools/demux/demux_poll.c:76): callback returned error status
[mpiexec@service2] HYD_pmci_wait_for_completion (../../pm/pmiserv/pmiserv_pmci.c:500): error waiting for event
[mpiexec@service2] main (../../ui/mpich/mpiexec.c:1125): process manager error waiting for completion
[proxy:0:0@service2] HYD_pmcd_pmi_args_to_tokens (../../pm/pmiserv/common.c:276): assert (*count * sizeof(struct HYD_pmcd_token)) failed
[proxy:0:0@service2] fn_job_getid (../../pm/pmiserv/pmip_pmi_v2.c:253): unable to convert args to tokens
[mpiexec@service2] control_cb (../../pm/pmiserv/pmiserv_cb.c:781): connection to proxy 0 at host service2 failed
[mpiexec@service2] HYDT_dmxu_poll_wait_for_event (../../tools/demux/demux_poll.c:76): callback returned error status
[mpiexec@service2] HYD_pmci_wait_for_completion (../../pm/pmiserv/pmiserv_pmci.c:500): error waiting for event
[mpiexec@service2] main (../../ui/mpich/mpiexec.c:1125): process manager error waiting for completion
[proxy:0:0@service2] HYD_pmcd_pmi_args_to_tokens (../../pm/pmiserv/common.c:276): assert (*count * sizeof(struct HYD_pmcd_token)) failed
[proxy:0:0@service2] fn_job_getid (../../pm/pmiserv/pmip_pmi_v2.c:253): unable to convert args to tokens
[mpiexec@service2] control_cb (../../pm/pmiserv/pmiserv_cb.c:781): connection to proxy 0 at host service2 failed
[mpiexec@service2] HYDT_dmxu_poll_wait_for_event (../../tools/demux/demux_poll.c:76): callback returned error status
[mpiexec@service2] HYD_pmci_wait_for_completion (../../pm/pmiserv/pmiserv_pmci.c:500): error waiting for event
[mpiexec@service2] main (../../ui/mpich/mpiexec.c:1125): process manager error waiting for completion
